2015-05-30 21:13:16.675+0000 INFO  [o.n.s.CommunityNeoServer]: Setting startup timeout to: 120000ms based on 120000
2015-05-30 21:13:16.860+0000 INFO  [o.n.k.InternalAbstractGraphDatabase]: No locking implementation specified, defaulting to 'community'
2015-05-30 21:13:16.934+0000 INFO  [o.n.k.i.DiagnosticsManager]: --- INITIALIZED diagnostics START ---
2015-05-30 21:13:16.935+0000 INFO  [o.n.k.i.DiagnosticsManager]: Neo4j Kernel properties:
2015-05-30 21:13:16.991+0000 INFO  [o.n.k.i.DiagnosticsManager]: store_dir=/home/mkoenig/Programs/neo4j-community-2.2.2/data/graph.db
2015-05-30 21:13:16.991+0000 INFO  [o.n.k.i.DiagnosticsManager]: remote_shell_enabled=true
2015-05-30 21:13:16.992+0000 INFO  [o.n.k.i.DiagnosticsManager]: Diagnostics providers:
2015-05-30 21:13:16.992+0000 INFO  [o.n.k.i.DiagnosticsManager]: org.neo4j.kernel.configuration.Config
2015-05-30 21:13:16.992+0000 INFO  [o.n.k.i.DiagnosticsManager]: org.neo4j.kernel.info.DiagnosticsManager
2015-05-30 21:13:16.992+0000 INFO  [o.n.k.i.DiagnosticsManager]: SYSTEM_MEMORY
2015-05-30 21:13:16.992+0000 INFO  [o.n.k.i.DiagnosticsManager]: JAVA_MEMORY
2015-05-30 21:13:16.992+0000 INFO  [o.n.k.i.DiagnosticsManager]: OPERATING_SYSTEM
2015-05-30 21:13:16.992+0000 INFO  [o.n.k.i.DiagnosticsManager]: JAVA_VIRTUAL_MACHINE
2015-05-30 21:13:16.992+0000 INFO  [o.n.k.i.DiagnosticsManager]: CLASSPATH
2015-05-30 21:13:16.992+0000 INFO  [o.n.k.i.DiagnosticsManager]: LIBRARY_PATH
2015-05-30 21:13:16.992+0000 INFO  [o.n.k.i.DiagnosticsManager]: SYSTEM_PROPERTIES
2015-05-30 21:13:16.992+0000 INFO  [o.n.k.i.DiagnosticsManager]: LINUX_SCHEDULERS
2015-05-30 21:13:16.992+0000 INFO  [o.n.k.i.DiagnosticsManager]: NETWORK
2015-05-30 21:13:16.993+0000 INFO  [o.n.k.i.DiagnosticsManager]: System memory information:
2015-05-30 21:13:16.996+0000 INFO  [o.n.k.i.DiagnosticsManager]: Total Physical memory: 3.57 GB
2015-05-30 21:13:16.996+0000 INFO  [o.n.k.i.DiagnosticsManager]: Free Physical memory: 214.84 MB
2015-05-30 21:13:16.996+0000 INFO  [o.n.k.i.DiagnosticsManager]: Committed virtual memory: 2.16 GB
2015-05-30 21:13:16.997+0000 INFO  [o.n.k.i.DiagnosticsManager]: Total swap space: 3.70 GB
2015-05-30 21:13:16.997+0000 INFO  [o.n.k.i.DiagnosticsManager]: Free swap space: 2.88 GB
2015-05-30 21:13:16.997+0000 INFO  [o.n.k.i.DiagnosticsManager]: JVM memory information:
2015-05-30 21:13:16.997+0000 INFO  [o.n.k.i.DiagnosticsManager]: Free  memory: 29.04 MB
2015-05-30 21:13:16.998+0000 INFO  [o.n.k.i.DiagnosticsManager]: Total memory: 55.19 MB
2015-05-30 21:13:16.998+0000 INFO  [o.n.k.i.DiagnosticsManager]: Max   memory: 883.63 MB
2015-05-30 21:13:17.001+0000 INFO  [o.n.k.i.DiagnosticsManager]: Garbage Collector: ParNew: [Par Eden Space, Par Survivor Space]
2015-05-30 21:13:17.001+0000 INFO  [o.n.k.i.DiagnosticsManager]: Garbage Collector: ConcurrentMarkSweep: [Par Eden Space, Par Survivor Space, CMS Old Gen, CMS Perm Gen]
2015-05-30 21:13:17.002+0000 INFO  [o.n.k.i.DiagnosticsManager]: Memory Pool: Code Cache (Non-heap memory): committed=2.44 MB, used=718.31 kB, max=48.00 MB, threshold=0.00 B
2015-05-30 21:13:17.003+0000 INFO  [o.n.k.i.DiagnosticsManager]: Memory Pool: Par Eden Space (Heap memory): committed=15.25 MB, used=565.83 kB, max=243.25 MB, threshold=?
2015-05-30 21:13:17.004+0000 INFO  [o.n.k.i.DiagnosticsManager]: Memory Pool: Par Survivor Space (Heap memory): committed=1.88 MB, used=1.88 MB, max=30.38 MB, threshold=?
2015-05-30 21:13:17.005+0000 INFO  [o.n.k.i.DiagnosticsManager]: Memory Pool: CMS Old Gen (Heap memory): committed=38.06 MB, used=23.72 MB, max=610.00 MB, threshold=0.00 B
2015-05-30 21:13:17.006+0000 INFO  [o.n.k.i.DiagnosticsManager]: Memory Pool: CMS Perm Gen (Non-heap memory): committed=20.75 MB, used=12.43 MB, max=82.00 MB, threshold=0.00 B
2015-05-30 21:13:17.006+0000 INFO  [o.n.k.i.DiagnosticsManager]: Operating system information:
2015-05-30 21:13:17.006+0000 INFO  [o.n.k.i.DiagnosticsManager]: Operating System: Linux; version: 3.13.0-43-generic; arch: amd64; cpus: 4
2015-05-30 21:13:17.007+0000 INFO  [o.n.k.i.DiagnosticsManager]: Max number of file descriptors: 4096
2015-05-30 21:13:17.007+0000 INFO  [o.n.k.i.DiagnosticsManager]: Number of open file descriptors: 73
2015-05-30 21:13:17.007+0000 INFO  [o.n.k.i.DiagnosticsManager]: Process id: 22520@laptop
2015-05-30 21:13:17.007+0000 INFO  [o.n.k.i.DiagnosticsManager]: Byte order: LITTLE_ENDIAN
2015-05-30 21:13:17.007+0000 INFO  [o.n.k.i.DiagnosticsManager]: Local timezone: Europe/Berlin
2015-05-30 21:13:17.007+0000 INFO  [o.n.k.i.DiagnosticsManager]: JVM information:
2015-05-30 21:13:17.007+0000 INFO  [o.n.k.i.DiagnosticsManager]: VM Name: Java HotSpot(TM) 64-Bit Server VM
2015-05-30 21:13:17.007+0000 INFO  [o.n.k.i.DiagnosticsManager]: VM Vendor: Oracle Corporation
2015-05-30 21:13:17.008+0000 INFO  [o.n.k.i.DiagnosticsManager]: VM Version: 24.71-b01
2015-05-30 21:13:17.008+0000 INFO  [o.n.k.i.DiagnosticsManager]: JIT compiler: HotSpot 64-Bit Tiered Compilers
2015-05-30 21:13:17.008+0000 INFO  [o.n.k.i.DiagnosticsManager]: VM Arguments: [-XX:+DisableExplicitGC, -Dorg.neo4j.server.properties=conf/neo4j-server.properties, -Djava.util.logging.config.file=conf/logging.properties, -Dlog4j.configuration=file:conf/log4j.properties, -XX:+UseConcMarkSweepGC, -XX:+CMSClassUnloadingEnabled, -XX:-OmitStackTraceInFastThrow, -XX:hashCode=5, -Dneo4j.ext.udc.source=tarball, -Dneo4j.home=/home/mkoenig/Programs/neo4j-community-2.2.2, -Dneo4j.instance=/home/mkoenig/Programs/neo4j-community-2.2.2, -Dfile.encoding=UTF-8]
2015-05-30 21:13:17.008+0000 INFO  [o.n.k.i.DiagnosticsManager]: Java classpath:
2015-05-30 21:13:17.011+0000 INFO  [o.n.k.i.DiagnosticsManager]:  [classpath + loader.0] file:/home/mkoenig/Programs/neo4j-community-2.2.2/system/lib/jcl-over-slf4j-1.7.7.jar
2015-05-30 21:13:17.011+0000 INFO  [o.n.k.i.DiagnosticsManager]:  [classpath + loader.0] file:/home/mkoenig/Programs/neo4j-community-2.2.2/lib/scala-library-2.10.5.jar
2015-05-30 21:13:17.011+0000 INFO  [o.n.k.i.DiagnosticsManager]:  [classpath + loader.0] file:/home/mkoenig/Programs/neo4j-community-2.2.2/system/lib/logback-classic-1.1.2.jar
2015-05-30 21:13:17.011+0000 INFO  [o.n.k.i.DiagnosticsManager]:  [classpath + loader.0] file:/home/mkoenig/Programs/neo4j-community-2.2.2/system/lib/jsr311-api-1.1.2.r612.jar
2015-05-30 21:13:17.011+0000 INFO  [o.n.k.i.DiagnosticsManager]:  [loader.1] file:/usr/lib/jvm/jdk1.7.0_71/jre/lib/ext/localedata.jar
2015-05-30 21:13:17.011+0000 INFO  [o.n.k.i.DiagnosticsManager]:  [classpath + loader.0] file:/home/mkoenig/Programs/neo4j-community-2.2.2/lib/neo4j-cypher-compiler-1.9-2.0.4.jar
2015-05-30 21:13:17.011+0000 INFO  [o.n.k.i.DiagnosticsManager]:  [classpath + loader.0] file:/home/mkoenig/Programs/neo4j-community-2.2.2/system/lib/rrd4j-2.2.jar
2015-05-30 21:13:17.011+0000 INFO  [o.n.k.i.DiagnosticsManager]:  [classpath + loader.0] file:/home/mkoenig/Programs/neo4j-community-2.2.2/system/lib/neo4j-browser-2.2.2.jar
2015-05-30 21:13:17.011+0000 INFO  [o.n.k.i.DiagnosticsManager]:  [classpath + loader.0] file:/home/mkoenig/Programs/neo4j-community-2.2.2/system/lib/jetty-servlet-9.2.4.v20141103.jar
2015-05-30 21:13:17.011+0000 INFO  [o.n.k.i.DiagnosticsManager]:  [classpath + loader.0] file:/home/mkoenig/Programs/neo4j-community-2.2.2/system/lib/commons-logging-1.1.1.jar
2015-05-30 21:13:17.011+0000 INFO  [o.n.k.i.DiagnosticsManager]:  [classpath + loader.0] file:/home/mkoenig/Programs/neo4j-community-2.2.2/system/lib/logback-access-1.1.2.jar
2015-05-30 21:13:17.011+0000 INFO  [o.n.k.i.DiagnosticsManager]:  [classpath + loader.0] file:/home/mkoenig/Programs/neo4j-community-2.2.2/system/lib/jetty-util-9.2.4.v20141103.jar
2015-05-30 21:13:17.011+0000 INFO  [o.n.k.i.DiagnosticsManager]:  [classpath + loader.0] file:/home/mkoenig/Programs/neo4j-community-2.2.2/system/lib/commons-lang-2.6.jar
2015-05-30 21:13:17.011+0000 INFO  [o.n.k.i.DiagnosticsManager]:  [classpath + loader.0] file:/home/mkoenig/Programs/neo4j-community-2.2.2/system/lib/neo4j-server-2.2.2.jar
2015-05-30 21:13:17.011+0000 INFO  [o.n.k.i.DiagnosticsManager]:  [classpath + loader.0] file:/home/mkoenig/Programs/neo4j-community-2.2.2/lib/neo4j-unsafe-2.2.2.jar
2015-05-30 21:13:17.011+0000 INFO  [o.n.k.i.DiagnosticsManager]:  [classpath + loader.0] file:/home/mkoenig/Programs/neo4j-community-2.2.2/lib/concurrentlinkedhashmap-lru-1.4.jar
2015-05-30 21:13:17.011+0000 INFO  [o.n.k.i.DiagnosticsManager]:  [classpath + loader.0] file:/home/mkoenig/Programs/neo4j-community-2.2.2/system/lib/logback-core-1.1.2.jar
2015-05-30 21:13:17.012+0000 INFO  [o.n.k.i.DiagnosticsManager]:  [classpath + loader.0] file:/home/mkoenig/Programs/neo4j-community-2.2.2/system/lib/jackson-jaxrs-1.9.13.jar
2015-05-30 21:13:17.012+0000 INFO  [o.n.k.i.DiagnosticsManager]:  [classpath + loader.0] file:/home/mkoenig/Programs/neo4j-community-2.2.2/lib/parboiled-core-1.1.7.jar
2015-05-30 21:13:17.012+0000 INFO  [o.n.k.i.DiagnosticsManager]:  [classpath + loader.0] file:/home/mkoenig/Programs/neo4j-community-2.2.2/system/lib/jackson-mapper-asl-1.9.13.jar
2015-05-30 21:13:17.012+0000 INFO  [o.n.k.i.DiagnosticsManager]:  [classpath + loader.0] file:/home/mkoenig/Programs/neo4j-community-2.2.2/lib/opencsv-2.3.jar
2015-05-30 21:13:17.012+0000 INFO  [o.n.k.i.DiagnosticsManager]:  [classpath + loader.0] file:/home/mkoenig/Programs/neo4j-community-2.2.2/system/lib/mimepull-1.9.3.jar
2015-05-30 21:13:17.012+0000 INFO  [o.n.k.i.DiagnosticsManager]:  [classpath + loader.0] file:/home/mkoenig/Programs/neo4j-community-2.2.2/lib/neo4j-csv-2.2.2.jar
2015-05-30 21:13:17.012+0000 INFO  [o.n.k.i.DiagnosticsManager]:  [classpath + loader.0] file:/home/mkoenig/Programs/neo4j-community-2.2.2/system/lib/jetty-http-9.2.4.v20141103.jar
2015-05-30 21:13:17.012+0000 INFO  [o.n.k.i.DiagnosticsManager]:  [bootstrap] /usr/lib/jvm/jdk1.7.0_71/jre/lib/jce.jar
2015-05-30 21:13:17.012+0000 INFO  [o.n.k.i.DiagnosticsManager]:  [classpath + loader.0] file:/home/mkoenig/Programs/neo4j-community-2.2.2/lib/parboiled-scala_2.10-1.1.7.jar
2015-05-30 21:13:17.012+0000 INFO  [o.n.k.i.DiagnosticsManager]:  [bootstrap] /usr/lib/jvm/jdk1.7.0_71/jre/lib/jfr.jar
2015-05-30 21:13:17.012+0000 INFO  [o.n.k.i.DiagnosticsManager]:  [classpath + loader.0] file:/home/mkoenig/Programs/neo4j-community-2.2.2/lib/org.apache.servicemix.bundles.jline-0.9.94_1.jar
2015-05-30 21:13:17.012+0000 INFO  [o.n.k.i.DiagnosticsManager]:  [classpath + loader.0] file:/home/mkoenig/Programs/neo4j-community-2.2.2/system/lib/rhino-1.7R4.jar
2015-05-30 21:13:17.012+0000 INFO  [o.n.k.i.DiagnosticsManager]:  [classpath + loader.0] file:/home/mkoenig/Programs/neo4j-community-2.2.2/system/lib/jetty-webapp-9.2.4.v20141103.jar
2015-05-30 21:13:17.012+0000 INFO  [o.n.k.i.DiagnosticsManager]:  [classpath + loader.0] file:/home/mkoenig/Programs/neo4j-community-2.2.2/system/lib/jersey-core-1.18.1.jar
2015-05-30 21:13:17.012+0000 INFO  [o.n.k.i.DiagnosticsManager]:  [classpath + loader.0] file:/home/mkoenig/Programs/neo4j-community-2.2.2/conf/
2015-05-30 21:13:17.012+0000 INFO  [o.n.k.i.DiagnosticsManager]:  [classpath + loader.0] file:/home/mkoenig/Programs/neo4j-community-2.2.2/system/lib/slf4j-api-1.7.7.jar
2015-05-30 21:13:17.012+0000 INFO  [o.n.k.i.DiagnosticsManager]:  [classpath + loader.0] file:/home/mkoenig/Programs/neo4j-community-2.2.2/system/lib/jetty-security-9.2.4.v20141103.jar
2015-05-30 21:13:17.012+0000 INFO  [o.n.k.i.DiagnosticsManager]:  [classpath + loader.0] file:/home/mkoenig/Programs/neo4j-community-2.2.2/system/lib/jetty-server-9.2.4.v20141103.jar
2015-05-30 21:13:17.012+0000 INFO  [o.n.k.i.DiagnosticsManager]:  [bootstrap] /usr/lib/jvm/jdk1.7.0_71/jre/classes
2015-05-30 21:13:17.012+0000 INFO  [o.n.k.i.DiagnosticsManager]:  [classpath + loader.0] file:/home/mkoenig/Programs/neo4j-community-2.2.2/system/lib/jackson-core-asl-1.9.13.jar
2015-05-30 21:13:17.012+0000 INFO  [o.n.k.i.DiagnosticsManager]:  [classpath + loader.0] file:/home/mkoenig/Programs/neo4j-community-2.2.2/system/lib/jetty-xml-9.2.4.v20141103.jar
2015-05-30 21:13:17.012+0000 INFO  [o.n.k.i.DiagnosticsManager]:  [classpath + loader.0] file:/home/mkoenig/Programs/neo4j-community-2.2.2/lib/neo4j-kernel-2.2.2.jar
2015-05-30 21:13:17.013+0000 INFO  [o.n.k.i.DiagnosticsManager]:  [classpath + loader.0] file:/home/mkoenig/Programs/neo4j-community-2.2.2/system/lib/commons-compiler-2.6.1.jar
2015-05-30 21:13:17.013+0000 INFO  [o.n.k.i.DiagnosticsManager]:  [classpath + loader.0] file:/home/mkoenig/Programs/neo4j-community-2.2.2/system/lib/commons-configuration-1.10.jar
2015-05-30 21:13:17.013+0000 INFO  [o.n.k.i.DiagnosticsManager]:  [classpath + loader.0] file:/home/mkoenig/Programs/neo4j-community-2.2.2/system/lib/jersey-multipart-1.18.1.jar
2015-05-30 21:13:17.013+0000 INFO  [o.n.k.i.DiagnosticsManager]:  [bootstrap] /usr/lib/jvm/jdk1.7.0_71/jre/lib/rt.jar
2015-05-30 21:13:17.013+0000 INFO  [o.n.k.i.DiagnosticsManager]:  [bootstrap] /usr/lib/jvm/jdk1.7.0_71/jre/lib/resources.jar
2015-05-30 21:13:17.013+0000 INFO  [o.n.k.i.DiagnosticsManager]:  [classpath + loader.0] file:/home/mkoenig/Programs/neo4j-community-2.2.2/lib/neo4j-io-2.2.2.jar
2015-05-30 21:13:17.013+0000 INFO  [o.n.k.i.DiagnosticsManager]:  [classpath + loader.0] file:/home/mkoenig/Programs/neo4j-community-2.2.2/lib/neo4j-cypher-compiler-2.0-2.0.4.jar
2015-05-30 21:13:17.013+0000 INFO  [o.n.k.i.DiagnosticsManager]:  [classpath + loader.0] file:/home/mkoenig/Programs/neo4j-community-2.2.2/lib/server-api-2.2.2.jar
2015-05-30 21:13:17.013+0000 INFO  [o.n.k.i.DiagnosticsManager]:  [bootstrap] /usr/lib/jvm/jdk1.7.0_71/jre/lib/charsets.jar
2015-05-30 21:13:17.013+0000 INFO  [o.n.k.i.DiagnosticsManager]:  [loader.1] file:/usr/lib/jvm/jdk1.7.0_71/jre/lib/ext/zipfs.jar
2015-05-30 21:13:17.013+0000 INFO  [o.n.k.i.DiagnosticsManager]:  [classpath + loader.0] file:/home/mkoenig/Programs/neo4j-community-2.2.2/lib/neo4j-lucene-index-2.2.2.jar
2015-05-30 21:13:17.013+0000 INFO  [o.n.k.i.DiagnosticsManager]:  [classpath + loader.0] file:/home/mkoenig/Programs/neo4j-community-2.2.2/lib/neo4j-graph-algo-2.2.2.jar
2015-05-30 21:13:17.013+0000 INFO  [o.n.k.i.DiagnosticsManager]:  [classpath + loader.0] file:/home/mkoenig/Programs/neo4j-community-2.2.2/system/lib/neo4j-server-2.2.2-static-web.jar
2015-05-30 21:13:17.013+0000 INFO  [o.n.k.i.DiagnosticsManager]:  [classpath + loader.0] file:/home/mkoenig/Programs/neo4j-community-2.2.2/lib/neo4j-cypher-compiler-2.2-2.2.2.jar
2015-05-30 21:13:17.013+0000 INFO  [o.n.k.i.DiagnosticsManager]:  [loader.1] file:/usr/lib/jvm/jdk1.7.0_71/jre/lib/ext/dnsns.jar
2015-05-30 21:13:17.013+0000 INFO  [o.n.k.i.DiagnosticsManager]:  [classpath + loader.0] file:/home/mkoenig/Programs/neo4j-community-2.2.2/lib/neo4j-graph-matching-2.2.2.jar
2015-05-30 21:13:17.013+0000 INFO  [o.n.k.i.DiagnosticsManager]:  [classpath + loader.0] file:/home/mkoenig/Programs/neo4j-community-2.2.2/system/lib/scala-reflect-2.10.5.jar
2015-05-30 21:13:17.013+0000 INFO  [o.n.k.i.DiagnosticsManager]:  [classpath + loader.0] file:/home/mkoenig/Programs/neo4j-community-2.2.2/lib/neo4j-cypher-compiler-2.1-2.1.8.jar
2015-05-30 21:13:17.013+0000 INFO  [o.n.k.i.DiagnosticsManager]:  [classpath + loader.0] file:/home/mkoenig/Programs/neo4j-community-2.2.2/system/lib/commons-io-2.4.jar
2015-05-30 21:13:17.013+0000 INFO  [o.n.k.i.DiagnosticsManager]:  [classpath + loader.0] file:/home/mkoenig/Programs/neo4j-community-2.2.2/lib/neo4j-cypher-2.2.2.jar
2015-05-30 21:13:17.013+0000 INFO  [o.n.k.i.DiagnosticsManager]:  [classpath + loader.0] file:/home/mkoenig/Programs/neo4j-community-2.2.2/system/lib/commons-beanutils-1.8.3.jar
2015-05-30 21:13:17.013+0000 INFO  [o.n.k.i.DiagnosticsManager]:  [classpath + loader.0] file:/home/mkoenig/Programs/neo4j-community-2.2.2/lib/neo4j-udc-2.2.2.jar
2015-05-30 21:13:17.013+0000 INFO  [o.n.k.i.DiagnosticsManager]:  [bootstrap] /usr/lib/jvm/jdk1.7.0_71/jre/lib/sunrsasign.jar
2015-05-30 21:13:17.014+0000 INFO  [o.n.k.i.DiagnosticsManager]:  [loader.1] file:/usr/lib/jvm/jdk1.7.0_71/jre/lib/ext/sunjce_provider.jar
2015-05-30 21:13:17.014+0000 INFO  [o.n.k.i.DiagnosticsManager]:  [classpath + loader.0] file:/home/mkoenig/Programs/neo4j-community-2.2.2/lib/neo4j-shell-2.2.2.jar
2015-05-30 21:13:17.014+0000 INFO  [o.n.k.i.DiagnosticsManager]:  [classpath + loader.0] file:/home/mkoenig/Programs/neo4j-community-2.2.2/system/lib/commons-digester-2.1.jar
2015-05-30 21:13:17.014+0000 INFO  [o.n.k.i.DiagnosticsManager]:  [classpath + loader.0] file:/home/mkoenig/Programs/neo4j-community-2.2.2/lib/neo4j-consistency-check-2.2.2.jar
2015-05-30 21:13:17.014+0000 INFO  [o.n.k.i.DiagnosticsManager]:  [classpath + loader.0] file:/home/mkoenig/Programs/neo4j-community-2.2.2/system/lib/bcprov-jdk16-140.jar
2015-05-30 21:13:17.014+0000 INFO  [o.n.k.i.DiagnosticsManager]:  [loader.1] file:/usr/lib/jvm/jdk1.7.0_71/jre/lib/ext/sunec.jar
2015-05-30 21:13:17.014+0000 INFO  [o.n.k.i.DiagnosticsManager]:  [classpath + loader.0] file:/home/mkoenig/Programs/neo4j-community-2.2.2/lib/lucene-core-3.6.2.jar
2015-05-30 21:13:17.014+0000 INFO  [o.n.k.i.DiagnosticsManager]:  [classpath + loader.0] file:/home/mkoenig/Programs/neo4j-community-2.2.2/system/lib/jetty-io-9.2.4.v20141103.jar
2015-05-30 21:13:17.014+0000 INFO  [o.n.k.i.DiagnosticsManager]:  [classpath + loader.0] file:/home/mkoenig/Programs/neo4j-community-2.2.2/system/lib/jersey-server-1.18.1.jar
2015-05-30 21:13:17.014+0000 INFO  [o.n.k.i.DiagnosticsManager]:  [classpath + loader.0] file:/home/mkoenig/Programs/neo4j-community-2.2.2/system/lib/janino-2.6.1.jar
2015-05-30 21:13:17.014+0000 INFO  [o.n.k.i.DiagnosticsManager]:  [bootstrap] /usr/lib/jvm/jdk1.7.0_71/jre/lib/jsse.jar
2015-05-30 21:13:17.014+0000 INFO  [o.n.k.i.DiagnosticsManager]:  [loader.1] file:/usr/lib/jvm/jdk1.7.0_71/jre/lib/ext/sunpkcs11.jar
2015-05-30 21:13:17.014+0000 INFO  [o.n.k.i.DiagnosticsManager]:  [classpath + loader.0] file:/home/mkoenig/Programs/neo4j-community-2.2.2/system/lib/javax.servlet-api-3.1.0.jar
2015-05-30 21:13:17.014+0000 INFO  [o.n.k.i.DiagnosticsManager]:  [classpath + loader.0] file:/home/mkoenig/Programs/neo4j-community-2.2.2/lib/neo4j-import-tool-2.2.2.jar
2015-05-30 21:13:17.014+0000 INFO  [o.n.k.i.DiagnosticsManager]:  [classpath + loader.0] file:/home/mkoenig/Programs/neo4j-community-2.2.2/lib/neo4j-primitive-collections-2.2.2.jar
2015-05-30 21:13:17.014+0000 INFO  [o.n.k.i.DiagnosticsManager]:  [classpath + loader.0] file:/home/mkoenig/Programs/neo4j-community-2.2.2/lib/neo4j-jmx-2.2.2.jar
2015-05-30 21:13:17.014+0000 INFO  [o.n.k.i.DiagnosticsManager]:  [classpath + loader.0] file:/home/mkoenig/Programs/neo4j-community-2.2.2/system/lib/jersey-servlet-1.18.1.jar
2015-05-30 21:13:17.014+0000 INFO  [o.n.k.i.DiagnosticsManager]: Library path:
2015-05-30 21:13:17.014+0000 INFO  [o.n.k.i.DiagnosticsManager]: /home/mkoenig/Programs/neo4j-community-2.2.2
2015-05-30 21:13:17.015+0000 INFO  [o.n.k.i.DiagnosticsManager]: /usr/local/lib
2015-05-30 21:13:17.015+0000 INFO  [o.n.k.i.DiagnosticsManager]: /usr/java/packages/lib/amd64
2015-05-30 21:13:17.015+0000 INFO  [o.n.k.i.DiagnosticsManager]: /usr/lib64
2015-05-30 21:13:17.015+0000 INFO  [o.n.k.i.DiagnosticsManager]: /lib64
2015-05-30 21:13:17.015+0000 INFO  [o.n.k.i.DiagnosticsManager]: /lib
2015-05-30 21:13:17.015+0000 INFO  [o.n.k.i.DiagnosticsManager]: /usr/lib
2015-05-30 21:13:17.015+0000 INFO  [o.n.k.i.DiagnosticsManager]: System.properties:
2015-05-30 21:13:17.015+0000 INFO  [o.n.k.i.DiagnosticsManager]: sun.boot.library.path = /usr/lib/jvm/jdk1.7.0_71/jre/lib/amd64
2015-05-30 21:13:17.016+0000 INFO  [o.n.k.i.DiagnosticsManager]: org.neo4j.server.properties = conf/neo4j-server.properties
2015-05-30 21:13:17.016+0000 INFO  [o.n.k.i.DiagnosticsManager]: path.separator = :
2015-05-30 21:13:17.016+0000 INFO  [o.n.k.i.DiagnosticsManager]: file.encoding.pkg = sun.io
2015-05-30 21:13:17.016+0000 INFO  [o.n.k.i.DiagnosticsManager]: user.country = US
2015-05-30 21:13:17.016+0000 INFO  [o.n.k.i.DiagnosticsManager]: sun.java.launcher = SUN_STANDARD
2015-05-30 21:13:17.016+0000 INFO  [o.n.k.i.DiagnosticsManager]: sun.os.patch.level = unknown
2015-05-30 21:13:17.016+0000 INFO  [o.n.k.i.DiagnosticsManager]: user.dir = /home/mkoenig/Programs/neo4j-community-2.2.2
2015-05-30 21:13:17.016+0000 INFO  [o.n.k.i.DiagnosticsManager]: neo4j.ext.udc.source = tarball
2015-05-30 21:13:17.016+0000 INFO  [o.n.k.i.DiagnosticsManager]: log4j.configuration = file:conf/log4j.properties
2015-05-30 21:13:17.016+0000 INFO  [o.n.k.i.DiagnosticsManager]: sun.jnu.encoding = UTF-8
2015-05-30 21:13:17.016+0000 INFO  [o.n.k.i.DiagnosticsManager]: sun.management.compiler = HotSpot 64-Bit Tiered Compilers
2015-05-30 21:13:17.016+0000 INFO  [o.n.k.i.DiagnosticsManager]: user.home = /home/mkoenig
2015-05-30 21:13:17.016+0000 INFO  [o.n.k.i.DiagnosticsManager]: user.timezone = Europe/Berlin
2015-05-30 21:13:17.016+0000 INFO  [o.n.k.i.DiagnosticsManager]: file.encoding = UTF-8
2015-05-30 21:13:17.016+0000 INFO  [o.n.k.i.DiagnosticsManager]: user.name = mkoenig
2015-05-30 21:13:17.016+0000 INFO  [o.n.k.i.DiagnosticsManager]: sun.java.command = org.neo4j.server.Bootstrapper
2015-05-30 21:13:17.016+0000 INFO  [o.n.k.i.DiagnosticsManager]: sun.arch.data.model = 64
2015-05-30 21:13:17.016+0000 INFO  [o.n.k.i.DiagnosticsManager]: user.language = en
2015-05-30 21:13:17.016+0000 INFO  [o.n.k.i.DiagnosticsManager]: awt.toolkit = sun.awt.X11.XToolkit
2015-05-30 21:13:17.016+0000 INFO  [o.n.k.i.DiagnosticsManager]: file.separator = /
2015-05-30 21:13:17.017+0000 INFO  [o.n.k.i.DiagnosticsManager]: sun.io.unicode.encoding = UnicodeLittle
2015-05-30 21:13:17.017+0000 INFO  [o.n.k.i.DiagnosticsManager]: sun.cpu.endian = little
2015-05-30 21:13:17.017+0000 INFO  [o.n.k.i.DiagnosticsManager]: neo4j.instance = /home/mkoenig/Programs/neo4j-community-2.2.2
2015-05-30 21:13:17.017+0000 INFO  [o.n.k.i.DiagnosticsManager]: sun.desktop = gnome
2015-05-30 21:13:17.017+0000 INFO  [o.n.k.i.DiagnosticsManager]: neo4j.home = /home/mkoenig/Programs/neo4j-community-2.2.2
2015-05-30 21:13:17.017+0000 INFO  [o.n.k.i.DiagnosticsManager]: sun.cpu.isalist = 
2015-05-30 21:13:17.017+0000 INFO  [o.n.k.i.DiagnosticsManager]: Linux scheduler information:
2015-05-30 21:13:17.018+0000 INFO  [o.n.k.i.DiagnosticsManager]: noop [deadline] cfq 
2015-05-30 21:13:17.019+0000 INFO  [o.n.k.i.DiagnosticsManager]: noop [deadline] cfq 
2015-05-30 21:13:17.019+0000 INFO  [o.n.k.i.DiagnosticsManager]: none
2015-05-30 21:13:17.019+0000 INFO  [o.n.k.i.DiagnosticsManager]: none
2015-05-30 21:13:17.019+0000 INFO  [o.n.k.i.DiagnosticsManager]: none
2015-05-30 21:13:17.019+0000 INFO  [o.n.k.i.DiagnosticsManager]: none
2015-05-30 21:13:17.019+0000 INFO  [o.n.k.i.DiagnosticsManager]: none
2015-05-30 21:13:17.019+0000 INFO  [o.n.k.i.DiagnosticsManager]: none
2015-05-30 21:13:17.020+0000 INFO  [o.n.k.i.DiagnosticsManager]: none
2015-05-30 21:13:17.020+0000 INFO  [o.n.k.i.DiagnosticsManager]: none
2015-05-30 21:13:17.020+0000 INFO  [o.n.k.i.DiagnosticsManager]: none
2015-05-30 21:13:17.020+0000 INFO  [o.n.k.i.DiagnosticsManager]: none
2015-05-30 21:13:17.020+0000 INFO  [o.n.k.i.DiagnosticsManager]: none
2015-05-30 21:13:17.020+0000 INFO  [o.n.k.i.DiagnosticsManager]: none
2015-05-30 21:13:17.020+0000 INFO  [o.n.k.i.DiagnosticsManager]: none
2015-05-30 21:13:17.020+0000 INFO  [o.n.k.i.DiagnosticsManager]: none
2015-05-30 21:13:17.021+0000 INFO  [o.n.k.i.DiagnosticsManager]: none
2015-05-30 21:13:17.021+0000 INFO  [o.n.k.i.DiagnosticsManager]: none
2015-05-30 21:13:17.021+0000 INFO  [o.n.k.i.DiagnosticsManager]: none
2015-05-30 21:13:17.021+0000 INFO  [o.n.k.i.DiagnosticsManager]: none
2015-05-30 21:13:17.021+0000 INFO  [o.n.k.i.DiagnosticsManager]: none
2015-05-30 21:13:17.021+0000 INFO  [o.n.k.i.DiagnosticsManager]: none
2015-05-30 21:13:17.021+0000 INFO  [o.n.k.i.DiagnosticsManager]: none
2015-05-30 21:13:17.021+0000 INFO  [o.n.k.i.DiagnosticsManager]: none
2015-05-30 21:13:17.022+0000 INFO  [o.n.k.i.DiagnosticsManager]: none
2015-05-30 21:13:17.030+0000 INFO  [o.n.k.i.DiagnosticsManager]: none
2015-05-30 21:13:17.030+0000 INFO  [o.n.k.i.DiagnosticsManager]: none
2015-05-30 21:13:17.030+0000 INFO  [o.n.k.i.DiagnosticsManager]: none
2015-05-30 21:13:17.030+0000 INFO  [o.n.k.i.DiagnosticsManager]: none
2015-05-30 21:13:17.031+0000 INFO  [o.n.k.i.DiagnosticsManager]: Network information:
2015-05-30 21:13:17.032+0000 INFO  [o.n.k.i.DiagnosticsManager]: Interface tun0:
2015-05-30 21:13:17.032+0000 INFO  [o.n.k.i.DiagnosticsManager]:     address: 10.200.2.247
2015-05-30 21:13:17.032+0000 INFO  [o.n.k.i.DiagnosticsManager]: Interface vmnet8:
2015-05-30 21:13:17.033+0000 INFO  [o.n.k.i.DiagnosticsManager]:     address: fe80:0:0:0:250:56ff:fec0:8%7
2015-05-30 21:13:17.033+0000 INFO  [o.n.k.i.DiagnosticsManager]:     address: 172.16.193.1
2015-05-30 21:13:17.033+0000 INFO  [o.n.k.i.DiagnosticsManager]: Interface vmnet1:
2015-05-30 21:13:17.033+0000 INFO  [o.n.k.i.DiagnosticsManager]:     address: fe80:0:0:0:250:56ff:fec0:1%6
2015-05-30 21:13:17.033+0000 INFO  [o.n.k.i.DiagnosticsManager]:     address: 192.168.113.1
2015-05-30 21:13:17.033+0000 INFO  [o.n.k.i.DiagnosticsManager]: Interface docker0:
2015-05-30 21:13:17.033+0000 INFO  [o.n.k.i.DiagnosticsManager]:     address: 172.17.42.1
2015-05-30 21:13:17.033+0000 INFO  [o.n.k.i.DiagnosticsManager]: Interface wlan0:
2015-05-30 21:13:17.034+0000 INFO  [o.n.k.i.DiagnosticsManager]:     address: fe80:0:0:0:c685:8ff:fe34:9cca%2
2015-05-30 21:13:17.034+0000 INFO  [o.n.k.i.DiagnosticsManager]:     address: 192.168.1.33
2015-05-30 21:13:17.034+0000 INFO  [o.n.k.i.DiagnosticsManager]: Interface lo:
2015-05-30 21:13:17.034+0000 INFO  [o.n.k.i.DiagnosticsManager]:     address: 0:0:0:0:0:0:0:1%1
2015-05-30 21:13:17.034+0000 INFO  [o.n.k.i.DiagnosticsManager]:     address: 127.0.0.1
2015-05-30 21:13:17.034+0000 INFO  [o.n.k.i.DiagnosticsManager]: --- INITIALIZED diagnostics END ---
2015-05-30 21:13:17.268+0000 INFO  [o.n.k.i.s.StoreFactory]: Creating new db @ /home/mkoenig/Programs/neo4j-community-2.2.2/data/graph.db/neostore
2015-05-30 21:13:17.627+0000 INFO  [o.n.k.a.i.i.LuceneLabelScanStore]: No lucene scan store index found, this might just be first use. Preparing to rebuild.
2015-05-30 21:13:17.658+0000 INFO  [o.n.k.a.i.i.LuceneLabelScanStore]: No lucene scan store index found, this might just be first use. Preparing to rebuild.
2015-05-30 21:13:17.727+0000 INFO  [o.n.k.NeoStoreDataSource]: Opened logical log [/home/mkoenig/Programs/neo4j-community-2.2.2/data/graph.db/neostore.transaction.db.0] version=0, lastTxId=1 (clean)
2015-05-30 21:13:17.732+0000 WARN  [o.n.k.i.s.StoreFactory]: Missing counts store, rebuilding it.
2015-05-30 21:13:17.814+0000 INFO  [o.n.k.a.i.i.LuceneLabelScanStore]: Rebuilding lucene scan store, this may take a while
2015-05-30 21:13:17.815+0000 INFO  [o.n.k.a.i.i.LuceneLabelScanStore]: Lucene scan store rebuilt (roughly -1 nodes)
2015-05-30 21:13:17.826+0000 INFO  [o.n.k.KernelHealth]: Kernel health set to OK
2015-05-30 21:13:18.497+0000 INFO  [o.n.k.i.DiagnosticsManager]: --- STARTED diagnostics for KernelDiagnostics:Versions START ---
2015-05-30 21:13:18.497+0000 INFO  [o.n.k.i.DiagnosticsManager]: Graph Database: org.neo4j.kernel.EmbeddedGraphDatabase StoreId{creationTime=1433020397267, randomId=-2717434757884950161, storeVersion=14969031248344582, upgradeTime=1433020397267, upgradeId=1}
2015-05-30 21:13:18.497+0000 INFO  [o.n.k.i.DiagnosticsManager]: Kernel version: Neo4j - Graph Database Kernel (neo4j-kernel), version: 2.2.2
2015-05-30 21:13:18.497+0000 INFO  [o.n.k.i.DiagnosticsManager]: Neo4j component versions:
2015-05-30 21:13:18.506+0000 INFO  [o.n.k.i.DiagnosticsManager]:   Neo4j - Lucene Index (neo4j-lucene-index), version: 2.2.2; revision: 2.2.2:2.2:973/0ee8628da67da8c582a299d6aa109768be6886d7
2015-05-30 21:13:18.506+0000 INFO  [o.n.k.i.DiagnosticsManager]:   Neo4j - JMX support (neo4j-jmx), version: 2.2.2; revision: 2.2.2:2.2:973/0ee8628da67da8c582a299d6aa109768be6886d7
2015-05-30 21:13:18.506+0000 INFO  [o.n.k.i.DiagnosticsManager]:   Neo4j - Graph Matching (neo4j-graph-matching), version: 2.2.2; revision: 2.2.2:2.2:973/0ee8628da67da8c582a299d6aa109768be6886d7
2015-05-30 21:13:18.506+0000 INFO  [o.n.k.i.DiagnosticsManager]:   Neo4j - Cypher Compiler 2.1 (neo4j-cypher-compiler-2.1), version: 2.1.8; revision: 2.1.8:2.1-maint:687/5c83ce3a5ddf33259593f719153ce71a6fe89fc7
2015-05-30 21:13:18.506+0000 INFO  [o.n.k.i.DiagnosticsManager]:   Neo4j - Server API (server-api), version: 2.2.2; revision: 2.2.2:2.2:973/0ee8628da67da8c582a299d6aa109768be6886d7
2015-05-30 21:13:18.506+0000 INFO  [o.n.k.i.DiagnosticsManager]:   Neo4j - Import Command Line Tool (neo4j-import-tool), version: 2.2.2; revision: 2.2.2:2.2:973/0ee8628da67da8c582a299d6aa109768be6886d7
2015-05-30 21:13:18.506+0000 INFO  [o.n.k.i.DiagnosticsManager]:   Neo4j - Graph Database Kernel (neo4j-kernel), version: 2.2.2; revision: 2.2.2:2.2:973/0ee8628da67da8c582a299d6aa109768be6886d7
2015-05-30 21:13:18.506+0000 INFO  [o.n.k.i.DiagnosticsManager]:   Neo4j - Cypher (neo4j-cypher), version: 2.2.2; revision: 2.2.2:2.2:973/0ee8628da67da8c582a299d6aa109768be6886d7
2015-05-30 21:13:18.506+0000 INFO  [o.n.k.i.DiagnosticsManager]:   Neo4j - Server (neo4j-server), version: 2.2.2; revision: 2.2.2:2.2:973/0ee8628da67da8c582a299d6aa109768be6886d7
2015-05-30 21:13:18.506+0000 INFO  [o.n.k.i.DiagnosticsManager]:   Neo4j - Graph Algorithms (neo4j-graph-algo), version: 2.2.2; revision: 2.2.2:2.2:973/0ee8628da67da8c582a299d6aa109768be6886d7
2015-05-30 21:13:18.507+0000 INFO  [o.n.k.i.DiagnosticsManager]:   Neo4j - Cypher Compiler 2.2 (neo4j-cypher-compiler-2.2), version: 2.2.2; revision: 2.2.2:2.2:973/0ee8628da67da8c582a299d6aa109768be6886d7
2015-05-30 21:13:18.507+0000 INFO  [o.n.k.i.DiagnosticsManager]:   Neo4j - Cypher Compiler 2.0 (neo4j-cypher-compiler-2.0), version: 2.0.4; revision: 2.0.4:2.0-maint:130/4a7d10bc274a5d26a180bbe9df25100e8a694748
2015-05-30 21:13:18.507+0000 INFO  [o.n.k.i.DiagnosticsManager]:   Neo4j - Consistency Checker (neo4j-consistency-check), version: 2.2.2; revision: 2.2.2:2.2:973/0ee8628da67da8c582a299d6aa109768be6886d7
2015-05-30 21:13:18.507+0000 INFO  [o.n.k.i.DiagnosticsManager]:   Neo4j - Generic shell (neo4j-shell), version: 2.2.2; revision: 2.2.2:2.2:973/0ee8628da67da8c582a299d6aa109768be6886d7
2015-05-30 21:13:18.507+0000 INFO  [o.n.k.i.DiagnosticsManager]:   Neo4j - Cypher Compiler 1.9 (neo4j-cypher-compiler-1.9), version: 2.0.4; revision: 2.0.4:2.0-maint:130/4a7d10bc274a5d26a180bbe9df25100e8a694748
2015-05-30 21:13:18.507+0000 INFO  [o.n.k.i.DiagnosticsManager]:   neo4j-udc, version: 2.2.2; revision: 2.2.2:2.2:973/0ee8628da67da8c582a299d6aa109768be6886d7
2015-05-30 21:13:18.507+0000 INFO  [o.n.k.i.DiagnosticsManager]: --- STARTED diagnostics for KernelDiagnostics:Versions END ---
2015-05-30 21:13:18.509+0000 INFO  [o.n.k.i.DiagnosticsManager]: --- STARTED diagnostics for NEO_STORE_VERSIONS START ---
2015-05-30 21:13:18.510+0000 INFO  [o.n.k.i.DiagnosticsManager]: Store versions:
2015-05-30 21:13:18.510+0000 INFO  [o.n.k.i.DiagnosticsManager]: Store versions:
2015-05-30 21:13:18.510+0000 INFO  [o.n.k.i.DiagnosticsManager]:   NeoStore v0.A.5
2015-05-30 21:13:18.510+0000 INFO  [o.n.k.i.DiagnosticsManager]:   SchemaStore v0.A.5
2015-05-30 21:13:18.510+0000 INFO  [o.n.k.i.DiagnosticsManager]:   NodeStore v0.A.5
2015-05-30 21:13:18.510+0000 INFO  [o.n.k.i.DiagnosticsManager]:   RelationshipStore v0.A.5
2015-05-30 21:13:18.510+0000 INFO  [o.n.k.i.DiagnosticsManager]:   RelationshipTypeStore v0.A.5
2015-05-30 21:13:18.510+0000 INFO  [o.n.k.i.DiagnosticsManager]:   LabelTokenStore v0.A.5
2015-05-30 21:13:18.510+0000 INFO  [o.n.k.i.DiagnosticsManager]:   PropertyStore v0.A.5
2015-05-30 21:13:18.510+0000 INFO  [o.n.k.i.DiagnosticsManager]:   PropertyIndexStore v0.A.5
2015-05-30 21:13:18.510+0000 INFO  [o.n.k.i.DiagnosticsManager]:   StringPropertyStore v0.A.5
2015-05-30 21:13:18.511+0000 INFO  [o.n.k.i.DiagnosticsManager]:   ArrayPropertyStore v0.A.5
2015-05-30 21:13:18.511+0000 INFO  [o.n.k.i.DiagnosticsManager]:   RelationshipGroupStore v0.A.5
2015-05-30 21:13:18.511+0000 INFO  [o.n.k.i.DiagnosticsManager]: --- STARTED diagnostics for NEO_STORE_VERSIONS END ---
2015-05-30 21:13:18.511+0000 INFO  [o.n.k.i.DiagnosticsManager]: --- STARTED diagnostics for NEO_STORE_ID_USAGE START ---
2015-05-30 21:13:18.511+0000 INFO  [o.n.k.i.DiagnosticsManager]: Id usage:
2015-05-30 21:13:18.511+0000 INFO  [o.n.k.i.DiagnosticsManager]: Id usage:
2015-05-30 21:13:18.511+0000 INFO  [o.n.k.i.DiagnosticsManager]:   SchemaStore: used=1 high=0
2015-05-30 21:13:18.511+0000 INFO  [o.n.k.i.DiagnosticsManager]:   NodeStore: used=0 high=-1
2015-05-30 21:13:18.512+0000 INFO  [o.n.k.i.DiagnosticsManager]:   RelationshipStore: used=0 high=-1
2015-05-30 21:13:18.512+0000 INFO  [o.n.k.i.DiagnosticsManager]:   RelationshipTypeStore: used=0 high=-1
2015-05-30 21:13:18.512+0000 INFO  [o.n.k.i.DiagnosticsManager]:   LabelTokenStore: used=0 high=-1
2015-05-30 21:13:18.512+0000 INFO  [o.n.k.i.DiagnosticsManager]:   PropertyStore: used=0 high=-1
2015-05-30 21:13:18.512+0000 INFO  [o.n.k.i.DiagnosticsManager]:   PropertyIndexStore: used=0 high=-1
2015-05-30 21:13:18.513+0000 INFO  [o.n.k.i.DiagnosticsManager]:   StringPropertyStore: used=1 high=0
2015-05-30 21:13:18.513+0000 INFO  [o.n.k.i.DiagnosticsManager]:   ArrayPropertyStore: used=1 high=0
2015-05-30 21:13:18.513+0000 INFO  [o.n.k.i.DiagnosticsManager]:   RelationshipGroupStore: used=1 high=0
2015-05-30 21:13:18.513+0000 INFO  [o.n.k.i.DiagnosticsManager]: --- STARTED diagnostics for NEO_STORE_ID_USAGE END ---
2015-05-30 21:13:18.514+0000 INFO  [o.n.k.i.DiagnosticsManager]: --- STARTED diagnostics for KernelDiagnostics:StoreFiles START ---
2015-05-30 21:13:18.514+0000 INFO  [o.n.k.i.DiagnosticsManager]: Disk space on partition (Total / Free / Free %): 247206436864 / 16753086464 / 6
Storage files: (filename : modification date - size)
2015-05-30 21:13:18.515+0000 INFO  [o.n.k.i.DiagnosticsManager]:   index:
2015-05-30 21:13:18.516+0000 INFO  [o.n.k.i.DiagnosticsManager]:   - Total: 2015-05-30T23:13:17+0200 - 0.00 B
2015-05-30 21:13:18.516+0000 INFO  [o.n.k.i.DiagnosticsManager]:   lock: 2015-05-30T23:13:17+0200 - 0.00 B
2015-05-30 21:13:18.517+0000 INFO  [o.n.k.i.DiagnosticsManager]:   messages.log: 2015-05-30T23:13:18+0200 - 33.37 kB
2015-05-30 21:13:18.517+0000 INFO  [o.n.k.i.DiagnosticsManager]:   neostore: 2015-05-30T23:13:17+0200 - 99.00 B
2015-05-30 21:13:18.517+0000 INFO  [o.n.k.i.DiagnosticsManager]:   neostore.counts.db.a: 2015-05-30T23:13:17+0200 - 114.00 B
2015-05-30 21:13:18.518+0000 INFO  [o.n.k.i.DiagnosticsManager]:   neostore.id: 2015-05-30T23:13:17+0200 - 9.00 B
2015-05-30 21:13:18.518+0000 INFO  [o.n.k.i.DiagnosticsManager]:   neostore.labeltokenstore.db: 2015-05-30T23:13:17+0200 - 0.00 B
2015-05-30 21:13:18.518+0000 INFO  [o.n.k.i.DiagnosticsManager]:   neostore.labeltokenstore.db.id: 2015-05-30T23:13:17+0200 - 9.00 B
2015-05-30 21:13:18.519+0000 INFO  [o.n.k.i.DiagnosticsManager]:   neostore.labeltokenstore.db.names: 2015-05-30T23:13:17+0200 - 38.00 B
2015-05-30 21:13:18.519+0000 INFO  [o.n.k.i.DiagnosticsManager]:   neostore.labeltokenstore.db.names.id: 2015-05-30T23:13:17+0200 - 9.00 B
2015-05-30 21:13:18.519+0000 INFO  [o.n.k.i.DiagnosticsManager]:   neostore.nodestore.db: 2015-05-30T23:13:17+0200 - 0.00 B
2015-05-30 21:13:18.520+0000 INFO  [o.n.k.i.DiagnosticsManager]:   neostore.nodestore.db.id: 2015-05-30T23:13:17+0200 - 9.00 B
2015-05-30 21:13:18.520+0000 INFO  [o.n.k.i.DiagnosticsManager]:   neostore.nodestore.db.labels: 2015-05-30T23:13:17+0200 - 68.00 B
2015-05-30 21:13:18.520+0000 INFO  [o.n.k.i.DiagnosticsManager]:   neostore.nodestore.db.labels.id: 2015-05-30T23:13:17+0200 - 9.00 B
2015-05-30 21:13:18.521+0000 INFO  [o.n.k.i.DiagnosticsManager]:   neostore.propertystore.db: 2015-05-30T23:13:17+0200 - 0.00 B
2015-05-30 21:13:18.521+0000 INFO  [o.n.k.i.DiagnosticsManager]:   neostore.propertystore.db.arrays: 2015-05-30T23:13:17+0200 - 128.00 B
2015-05-30 21:13:18.521+0000 INFO  [o.n.k.i.DiagnosticsManager]:   neostore.propertystore.db.arrays.id: 2015-05-30T23:13:17+0200 - 9.00 B
2015-05-30 21:13:18.521+0000 INFO  [o.n.k.i.DiagnosticsManager]:   neostore.propertystore.db.id: 2015-05-30T23:13:17+0200 - 9.00 B
2015-05-30 21:13:18.522+0000 INFO  [o.n.k.i.DiagnosticsManager]:   neostore.propertystore.db.index: 2015-05-30T23:13:17+0200 - 0.00 B
2015-05-30 21:13:18.522+0000 INFO  [o.n.k.i.DiagnosticsManager]:   neostore.propertystore.db.index.id: 2015-05-30T23:13:17+0200 - 9.00 B
2015-05-30 21:13:18.522+0000 INFO  [o.n.k.i.DiagnosticsManager]:   neostore.propertystore.db.index.keys: 2015-05-30T23:13:17+0200 - 38.00 B
2015-05-30 21:13:18.522+0000 INFO  [o.n.k.i.DiagnosticsManager]:   neostore.propertystore.db.index.keys.id: 2015-05-30T23:13:17+0200 - 9.00 B
2015-05-30 21:13:18.523+0000 INFO  [o.n.k.i.DiagnosticsManager]:   neostore.propertystore.db.strings: 2015-05-30T23:13:17+0200 - 128.00 B
2015-05-30 21:13:18.523+0000 INFO  [o.n.k.i.DiagnosticsManager]:   neostore.propertystore.db.strings.id: 2015-05-30T23:13:17+0200 - 9.00 B
2015-05-30 21:13:18.523+0000 INFO  [o.n.k.i.DiagnosticsManager]:   neostore.relationshipgroupstore.db: 2015-05-30T23:13:17+0200 - 25.00 B
2015-05-30 21:13:18.523+0000 INFO  [o.n.k.i.DiagnosticsManager]:   neostore.relationshipgroupstore.db.id: 2015-05-30T23:13:17+0200 - 9.00 B
2015-05-30 21:13:18.524+0000 INFO  [o.n.k.i.DiagnosticsManager]:   neostore.relationshipstore.db: 2015-05-30T23:13:17+0200 - 0.00 B
2015-05-30 21:13:18.524+0000 INFO  [o.n.k.i.DiagnosticsManager]:   neostore.relationshipstore.db.id: 2015-05-30T23:13:17+0200 - 9.00 B
2015-05-30 21:13:18.524+0000 INFO  [o.n.k.i.DiagnosticsManager]:   neostore.relationshiptypestore.db: 2015-05-30T23:13:17+0200 - 0.00 B
2015-05-30 21:13:18.524+0000 INFO  [o.n.k.i.DiagnosticsManager]:   neostore.relationshiptypestore.db.id: 2015-05-30T23:13:17+0200 - 9.00 B
2015-05-30 21:13:18.525+0000 INFO  [o.n.k.i.DiagnosticsManager]:   neostore.relationshiptypestore.db.names: 2015-05-30T23:13:17+0200 - 38.00 B
2015-05-30 21:13:18.525+0000 INFO  [o.n.k.i.DiagnosticsManager]:   neostore.relationshiptypestore.db.names.id: 2015-05-30T23:13:17+0200 - 9.00 B
2015-05-30 21:13:18.525+0000 INFO  [o.n.k.i.DiagnosticsManager]:   neostore.schemastore.db: 2015-05-30T23:13:17+0200 - 64.00 B
2015-05-30 21:13:18.525+0000 INFO  [o.n.k.i.DiagnosticsManager]:   neostore.schemastore.db.id: 2015-05-30T23:13:17+0200 - 9.00 B
2015-05-30 21:13:18.525+0000 INFO  [o.n.k.i.DiagnosticsManager]:   neostore.transaction.db.0: 2015-05-30T23:13:17+0200 - 16.00 B
2015-05-30 21:13:18.525+0000 INFO  [o.n.k.i.DiagnosticsManager]:   schema:
2015-05-30 21:13:18.526+0000 INFO  [o.n.k.i.DiagnosticsManager]:     label:
2015-05-30 21:13:18.526+0000 INFO  [o.n.k.i.DiagnosticsManager]:       lucene:
2015-05-30 21:13:18.526+0000 INFO  [o.n.k.i.DiagnosticsManager]:         write.lock: 2015-05-30T23:13:17+0200 - 0.00 B
2015-05-30 21:13:18.526+0000 INFO  [o.n.k.i.DiagnosticsManager]:       - Total: 2015-05-30T23:13:17+0200 - 0.00 B
2015-05-30 21:13:18.526+0000 INFO  [o.n.k.i.DiagnosticsManager]:     - Total: 2015-05-30T23:13:17+0200 - 0.00 B
2015-05-30 21:13:18.527+0000 INFO  [o.n.k.i.DiagnosticsManager]:   - Total: 2015-05-30T23:13:17+0200 - 0.00 B
2015-05-30 21:13:18.527+0000 INFO  [o.n.k.i.DiagnosticsManager]:   store_lock: 2015-05-30T23:13:17+0200 - 0.00 B
2015-05-30 21:13:18.527+0000 INFO  [o.n.k.i.DiagnosticsManager]: --- STARTED diagnostics for KernelDiagnostics:StoreFiles END ---
2015-05-30 21:13:18.574+0000 INFO  [o.n.k.EmbeddedGraphDatabase]: Database is now ready
2015-05-30 21:13:18.574+0000 INFO  [o.n.s.d.LifecycleManagingDatabase]: Successfully started database
2015-05-30 21:13:18.583+0000 INFO  [o.n.k.i.DiagnosticsManager]: --- SERVER STARTED START ---
2015-05-30 21:13:18.654+0000 INFO  [o.n.s.CommunityNeoServer]: Starting HTTP on port :7474 with 4 threads available
2015-05-30 21:13:18.841+0000 INFO  [o.n.s.CommunityNeoServer]: Enabling HTTPS on port :7473
2015-05-30 21:13:18.841+0000 INFO  [o.n.s.CommunityNeoServer]: No SSL certificate found, generating a self-signed certificate..
2015-05-30 21:13:19.254+0000 INFO  [o.n.s.w.Jetty9WebServer]: Mounting static content at [/webadmin] from [webadmin-html]
2015-05-30 21:13:19.293+0000 INFO  [o.n.s.w.Jetty9WebServer]: Mounting static content at [/browser] from [browser]
2015-05-30 21:13:20.889+0000 INFO  [o.n.s.CommunityNeoServer]: Server started on: http://localhost:7474/
2015-05-30 21:13:20.889+0000 INFO  [o.n.s.CommunityNeoServer]: Remote interface ready and available at [http://localhost:7474/]
2015-05-30 21:13:20.889+0000 INFO  [o.n.k.i.DiagnosticsManager]: --- SERVER STARTED END ---
2015-05-30 21:13:27.283+0000 INFO  [o.n.s.m.AuthorizationModule]: Failed authentication attempt for 'neo4j' from 127.0.0.1
2015-05-30 21:13:27.315+0000 INFO  [o.n.s.m.AuthorizationModule]: Failed authentication attempt for 'neo4j' from 127.0.0.1
2015-05-30 21:13:42.343+0000 INFO  [o.n.s.m.AuthorizationModule]: Failed authentication attempt for 'mkoenig' from 127.0.0.1
2015-05-30 21:43:11.295+0000 INFO  [o.n.s.CommunityBootstrapper]: Neo4j Server shutdown initiated by request
2015-05-30 21:43:11.337+0000 INFO  [o.n.s.CommunityNeoServer]: Successfully shutdown Neo4j Server.
2015-05-30 21:43:11.338+0000 INFO  [o.n.k.EmbeddedGraphDatabase]: Shutdown started
2015-05-30 21:43:11.340+0000 INFO  [o.n.k.EmbeddedGraphDatabase]: Database is now unavailable
2015-05-30 21:43:11.356+0000 INFO  [o.n.k.i.s.StoreFactory]: About to rotate counts store at transaction 16 to [/home/mkoenig/Programs/neo4j-community-2.2.2/data/graph.db/neostore.counts.db.b], from [/home/mkoenig/Programs/neo4j-community-2.2.2/data/graph.db/neostore.counts.db.a].
2015-05-30 21:43:11.358+0000 INFO  [o.n.k.i.s.StoreFactory]: Successfully rotated counts store at transaction 16 to [/home/mkoenig/Programs/neo4j-community-2.2.2/data/graph.db/neostore.counts.db.b], from [/home/mkoenig/Programs/neo4j-community-2.2.2/data/graph.db/neostore.counts.db.a].
2015-05-30 21:43:11.415+0000 INFO  [o.n.k.NeoStoreDataSource]: NeoStore closed
2015-05-30 21:43:11.415+0000 INFO  [o.n.k.i.DiagnosticsManager]: --- STOPPING diagnostics START ---
2015-05-30 21:43:11.415+0000 INFO  [o.n.k.i.DiagnosticsManager]: --- STOPPING diagnostics END ---
2015-05-30 21:43:11.421+0000 INFO  [o.n.s.d.LifecycleManagingDatabase]: Successfully stopped database
2015-05-30 21:43:11.422+0000 INFO  [o.n.s.CommunityNeoServer]: Successfully shutdown database.
2015-05-30 21:43:17.711+0000 INFO  [o.n.s.CommunityNeoServer]: Setting startup timeout to: 120000ms based on 120000
2015-05-30 21:43:17.897+0000 INFO  [o.n.k.InternalAbstractGraphDatabase]: No locking implementation specified, defaulting to 'community'
2015-05-30 21:43:18.020+0000 INFO  [o.n.k.i.DiagnosticsManager]: --- INITIALIZED diagnostics START ---
2015-05-30 21:43:18.022+0000 INFO  [o.n.k.i.DiagnosticsManager]: Neo4j Kernel properties:
2015-05-30 21:43:18.026+0000 INFO  [o.n.k.i.DiagnosticsManager]: store_dir=/home/mkoenig/Programs/neo4j-community-2.2.2/data/graph.db
2015-05-30 21:43:18.026+0000 INFO  [o.n.k.i.DiagnosticsManager]: remote_shell_enabled=true
2015-05-30 21:43:18.028+0000 INFO  [o.n.k.i.DiagnosticsManager]: Diagnostics providers:
2015-05-30 21:43:18.028+0000 INFO  [o.n.k.i.DiagnosticsManager]: org.neo4j.kernel.configuration.Config
2015-05-30 21:43:18.028+0000 INFO  [o.n.k.i.DiagnosticsManager]: org.neo4j.kernel.info.DiagnosticsManager
2015-05-30 21:43:18.028+0000 INFO  [o.n.k.i.DiagnosticsManager]: SYSTEM_MEMORY
2015-05-30 21:43:18.028+0000 INFO  [o.n.k.i.DiagnosticsManager]: JAVA_MEMORY
2015-05-30 21:43:18.028+0000 INFO  [o.n.k.i.DiagnosticsManager]: OPERATING_SYSTEM
2015-05-30 21:43:18.028+0000 INFO  [o.n.k.i.DiagnosticsManager]: JAVA_VIRTUAL_MACHINE
2015-05-30 21:43:18.028+0000 INFO  [o.n.k.i.DiagnosticsManager]: CLASSPATH
2015-05-30 21:43:18.028+0000 INFO  [o.n.k.i.DiagnosticsManager]: LIBRARY_PATH
2015-05-30 21:43:18.028+0000 INFO  [o.n.k.i.DiagnosticsManager]: SYSTEM_PROPERTIES
2015-05-30 21:43:18.028+0000 INFO  [o.n.k.i.DiagnosticsManager]: LINUX_SCHEDULERS
2015-05-30 21:43:18.028+0000 INFO  [o.n.k.i.DiagnosticsManager]: NETWORK
2015-05-30 21:43:18.029+0000 INFO  [o.n.k.i.DiagnosticsManager]: System memory information:
2015-05-30 21:43:18.034+0000 INFO  [o.n.k.i.DiagnosticsManager]: Total Physical memory: 3.57 GB
2015-05-30 21:43:18.035+0000 INFO  [o.n.k.i.DiagnosticsManager]: Free Physical memory: 198.84 MB
2015-05-30 21:43:18.035+0000 INFO  [o.n.k.i.DiagnosticsManager]: Committed virtual memory: 2.16 GB
2015-05-30 21:43:18.035+0000 INFO  [o.n.k.i.DiagnosticsManager]: Total swap space: 3.70 GB
2015-05-30 21:43:18.036+0000 INFO  [o.n.k.i.DiagnosticsManager]: Free swap space: 2.80 GB
2015-05-30 21:43:18.036+0000 INFO  [o.n.k.i.DiagnosticsManager]: JVM memory information:
2015-05-30 21:43:18.036+0000 INFO  [o.n.k.i.DiagnosticsManager]: Free  memory: 29.17 MB
2015-05-30 21:43:18.037+0000 INFO  [o.n.k.i.DiagnosticsManager]: Total memory: 55.19 MB
2015-05-30 21:43:18.037+0000 INFO  [o.n.k.i.DiagnosticsManager]: Max   memory: 883.63 MB
2015-05-30 21:43:18.040+0000 INFO  [o.n.k.i.DiagnosticsManager]: Garbage Collector: ParNew: [Par Eden Space, Par Survivor Space]
2015-05-30 21:43:18.040+0000 INFO  [o.n.k.i.DiagnosticsManager]: Garbage Collector: ConcurrentMarkSweep: [Par Eden Space, Par Survivor Space, CMS Old Gen, CMS Perm Gen]
2015-05-30 21:43:18.042+0000 INFO  [o.n.k.i.DiagnosticsManager]: Memory Pool: Code Cache (Non-heap memory): committed=2.44 MB, used=721.81 kB, max=48.00 MB, threshold=0.00 B
2015-05-30 21:43:18.042+0000 INFO  [o.n.k.i.DiagnosticsManager]: Memory Pool: Par Eden Space (Heap memory): committed=15.25 MB, used=565.72 kB, max=243.25 MB, threshold=?
2015-05-30 21:43:18.043+0000 INFO  [o.n.k.i.DiagnosticsManager]: Memory Pool: Par Survivor Space (Heap memory): committed=1.88 MB, used=1.88 MB, max=30.38 MB, threshold=?
2015-05-30 21:43:18.044+0000 INFO  [o.n.k.i.DiagnosticsManager]: Memory Pool: CMS Old Gen (Heap memory): committed=38.06 MB, used=23.59 MB, max=610.00 MB, threshold=0.00 B
2015-05-30 21:43:18.044+0000 INFO  [o.n.k.i.DiagnosticsManager]: Memory Pool: CMS Perm Gen (Non-heap memory): committed=20.75 MB, used=12.58 MB, max=82.00 MB, threshold=0.00 B
2015-05-30 21:43:18.044+0000 INFO  [o.n.k.i.DiagnosticsManager]: Operating system information:
2015-05-30 21:43:18.045+0000 INFO  [o.n.k.i.DiagnosticsManager]: Operating System: Linux; version: 3.13.0-43-generic; arch: amd64; cpus: 4
2015-05-30 21:43:18.045+0000 INFO  [o.n.k.i.DiagnosticsManager]: Max number of file descriptors: 4096
2015-05-30 21:43:18.045+0000 INFO  [o.n.k.i.DiagnosticsManager]: Number of open file descriptors: 74
2015-05-30 21:43:18.046+0000 INFO  [o.n.k.i.DiagnosticsManager]: Process id: 23506@laptop
2015-05-30 21:43:18.046+0000 INFO  [o.n.k.i.DiagnosticsManager]: Byte order: LITTLE_ENDIAN
2015-05-30 21:43:18.046+0000 INFO  [o.n.k.i.DiagnosticsManager]: Local timezone: Europe/Berlin
2015-05-30 21:43:18.046+0000 INFO  [o.n.k.i.DiagnosticsManager]: JVM information:
2015-05-30 21:43:18.046+0000 INFO  [o.n.k.i.DiagnosticsManager]: VM Name: Java HotSpot(TM) 64-Bit Server VM
2015-05-30 21:43:18.046+0000 INFO  [o.n.k.i.DiagnosticsManager]: VM Vendor: Oracle Corporation
2015-05-30 21:43:18.046+0000 INFO  [o.n.k.i.DiagnosticsManager]: VM Version: 24.71-b01
2015-05-30 21:43:18.047+0000 INFO  [o.n.k.i.DiagnosticsManager]: JIT compiler: HotSpot 64-Bit Tiered Compilers
2015-05-30 21:43:18.047+0000 INFO  [o.n.k.i.DiagnosticsManager]: VM Arguments: [-XX:+DisableExplicitGC, -Dorg.neo4j.server.properties=conf/neo4j-server.properties, -Djava.util.logging.config.file=conf/logging.properties, -Dlog4j.configuration=file:conf/log4j.properties, -XX:+UseConcMarkSweepGC, -XX:+CMSClassUnloadingEnabled, -XX:-OmitStackTraceInFastThrow, -XX:hashCode=5, -Dneo4j.ext.udc.source=tarball, -Dneo4j.home=/home/mkoenig/Programs/neo4j-community-2.2.2, -Dneo4j.instance=/home/mkoenig/Programs/neo4j-community-2.2.2, -Dfile.encoding=UTF-8]
2015-05-30 21:43:18.047+0000 INFO  [o.n.k.i.DiagnosticsManager]: Java classpath:
2015-05-30 21:43:18.050+0000 INFO  [o.n.k.i.DiagnosticsManager]:  [classpath + loader.0] file:/home/mkoenig/Programs/neo4j-community-2.2.2/system/lib/jcl-over-slf4j-1.7.7.jar
2015-05-30 21:43:18.050+0000 INFO  [o.n.k.i.DiagnosticsManager]:  [classpath + loader.0] file:/home/mkoenig/Programs/neo4j-community-2.2.2/lib/scala-library-2.10.5.jar
2015-05-30 21:43:18.050+0000 INFO  [o.n.k.i.DiagnosticsManager]:  [classpath + loader.0] file:/home/mkoenig/Programs/neo4j-community-2.2.2/system/lib/logback-classic-1.1.2.jar
2015-05-30 21:43:18.050+0000 INFO  [o.n.k.i.DiagnosticsManager]:  [classpath + loader.0] file:/home/mkoenig/Programs/neo4j-community-2.2.2/system/lib/jsr311-api-1.1.2.r612.jar
2015-05-30 21:43:18.050+0000 INFO  [o.n.k.i.DiagnosticsManager]:  [loader.1] file:/usr/lib/jvm/jdk1.7.0_71/jre/lib/ext/localedata.jar
2015-05-30 21:43:18.050+0000 INFO  [o.n.k.i.DiagnosticsManager]:  [classpath + loader.0] file:/home/mkoenig/Programs/neo4j-community-2.2.2/lib/neo4j-cypher-compiler-1.9-2.0.4.jar
2015-05-30 21:43:18.051+0000 INFO  [o.n.k.i.DiagnosticsManager]:  [classpath + loader.0] file:/home/mkoenig/Programs/neo4j-community-2.2.2/system/lib/rrd4j-2.2.jar
2015-05-30 21:43:18.051+0000 INFO  [o.n.k.i.DiagnosticsManager]:  [classpath + loader.0] file:/home/mkoenig/Programs/neo4j-community-2.2.2/system/lib/neo4j-browser-2.2.2.jar
2015-05-30 21:43:18.051+0000 INFO  [o.n.k.i.DiagnosticsManager]:  [classpath + loader.0] file:/home/mkoenig/Programs/neo4j-community-2.2.2/system/lib/jetty-servlet-9.2.4.v20141103.jar
2015-05-30 21:43:18.051+0000 INFO  [o.n.k.i.DiagnosticsManager]:  [classpath + loader.0] file:/home/mkoenig/Programs/neo4j-community-2.2.2/system/lib/commons-logging-1.1.1.jar
2015-05-30 21:43:18.051+0000 INFO  [o.n.k.i.DiagnosticsManager]:  [classpath + loader.0] file:/home/mkoenig/Programs/neo4j-community-2.2.2/system/lib/logback-access-1.1.2.jar
2015-05-30 21:43:18.051+0000 INFO  [o.n.k.i.DiagnosticsManager]:  [classpath + loader.0] file:/home/mkoenig/Programs/neo4j-community-2.2.2/system/lib/jetty-util-9.2.4.v20141103.jar
2015-05-30 21:43:18.051+0000 INFO  [o.n.k.i.DiagnosticsManager]:  [classpath + loader.0] file:/home/mkoenig/Programs/neo4j-community-2.2.2/system/lib/commons-lang-2.6.jar
2015-05-30 21:43:18.051+0000 INFO  [o.n.k.i.DiagnosticsManager]:  [classpath + loader.0] file:/home/mkoenig/Programs/neo4j-community-2.2.2/system/lib/neo4j-server-2.2.2.jar
2015-05-30 21:43:18.051+0000 INFO  [o.n.k.i.DiagnosticsManager]:  [classpath + loader.0] file:/home/mkoenig/Programs/neo4j-community-2.2.2/lib/neo4j-unsafe-2.2.2.jar
2015-05-30 21:43:18.051+0000 INFO  [o.n.k.i.DiagnosticsManager]:  [classpath + loader.0] file:/home/mkoenig/Programs/neo4j-community-2.2.2/lib/concurrentlinkedhashmap-lru-1.4.jar
2015-05-30 21:43:18.051+0000 INFO  [o.n.k.i.DiagnosticsManager]:  [classpath + loader.0] file:/home/mkoenig/Programs/neo4j-community-2.2.2/system/lib/logback-core-1.1.2.jar
2015-05-30 21:43:18.051+0000 INFO  [o.n.k.i.DiagnosticsManager]:  [classpath + loader.0] file:/home/mkoenig/Programs/neo4j-community-2.2.2/system/lib/jackson-jaxrs-1.9.13.jar
2015-05-30 21:43:18.051+0000 INFO  [o.n.k.i.DiagnosticsManager]:  [classpath + loader.0] file:/home/mkoenig/Programs/neo4j-community-2.2.2/lib/parboiled-core-1.1.7.jar
2015-05-30 21:43:18.051+0000 INFO  [o.n.k.i.DiagnosticsManager]:  [classpath + loader.0] file:/home/mkoenig/Programs/neo4j-community-2.2.2/system/lib/jackson-mapper-asl-1.9.13.jar
2015-05-30 21:43:18.051+0000 INFO  [o.n.k.i.DiagnosticsManager]:  [classpath + loader.0] file:/home/mkoenig/Programs/neo4j-community-2.2.2/lib/opencsv-2.3.jar
2015-05-30 21:43:18.051+0000 INFO  [o.n.k.i.DiagnosticsManager]:  [classpath + loader.0] file:/home/mkoenig/Programs/neo4j-community-2.2.2/system/lib/mimepull-1.9.3.jar
2015-05-30 21:43:18.052+0000 INFO  [o.n.k.i.DiagnosticsManager]:  [classpath + loader.0] file:/home/mkoenig/Programs/neo4j-community-2.2.2/lib/neo4j-csv-2.2.2.jar
2015-05-30 21:43:18.052+0000 INFO  [o.n.k.i.DiagnosticsManager]:  [classpath + loader.0] file:/home/mkoenig/Programs/neo4j-community-2.2.2/system/lib/jetty-http-9.2.4.v20141103.jar
2015-05-30 21:43:18.052+0000 INFO  [o.n.k.i.DiagnosticsManager]:  [bootstrap] /usr/lib/jvm/jdk1.7.0_71/jre/lib/jce.jar
2015-05-30 21:43:18.052+0000 INFO  [o.n.k.i.DiagnosticsManager]:  [classpath + loader.0] file:/home/mkoenig/Programs/neo4j-community-2.2.2/lib/parboiled-scala_2.10-1.1.7.jar
2015-05-30 21:43:18.052+0000 INFO  [o.n.k.i.DiagnosticsManager]:  [bootstrap] /usr/lib/jvm/jdk1.7.0_71/jre/lib/jfr.jar
2015-05-30 21:43:18.052+0000 INFO  [o.n.k.i.DiagnosticsManager]:  [classpath + loader.0] file:/home/mkoenig/Programs/neo4j-community-2.2.2/lib/org.apache.servicemix.bundles.jline-0.9.94_1.jar
2015-05-30 21:43:18.052+0000 INFO  [o.n.k.i.DiagnosticsManager]:  [classpath + loader.0] file:/home/mkoenig/Programs/neo4j-community-2.2.2/system/lib/rhino-1.7R4.jar
2015-05-30 21:43:18.052+0000 INFO  [o.n.k.i.DiagnosticsManager]:  [classpath + loader.0] file:/home/mkoenig/Programs/neo4j-community-2.2.2/system/lib/jetty-webapp-9.2.4.v20141103.jar
2015-05-30 21:43:18.052+0000 INFO  [o.n.k.i.DiagnosticsManager]:  [classpath + loader.0] file:/home/mkoenig/Programs/neo4j-community-2.2.2/system/lib/jersey-core-1.18.1.jar
2015-05-30 21:43:18.052+0000 INFO  [o.n.k.i.DiagnosticsManager]:  [classpath + loader.0] file:/home/mkoenig/Programs/neo4j-community-2.2.2/conf/
2015-05-30 21:43:18.052+0000 INFO  [o.n.k.i.DiagnosticsManager]:  [classpath + loader.0] file:/home/mkoenig/Programs/neo4j-community-2.2.2/system/lib/slf4j-api-1.7.7.jar
2015-05-30 21:43:18.052+0000 INFO  [o.n.k.i.DiagnosticsManager]:  [classpath + loader.0] file:/home/mkoenig/Programs/neo4j-community-2.2.2/system/lib/jetty-security-9.2.4.v20141103.jar
2015-05-30 21:43:18.052+0000 INFO  [o.n.k.i.DiagnosticsManager]:  [classpath + loader.0] file:/home/mkoenig/Programs/neo4j-community-2.2.2/system/lib/jetty-server-9.2.4.v20141103.jar
2015-05-30 21:43:18.052+0000 INFO  [o.n.k.i.DiagnosticsManager]:  [bootstrap] /usr/lib/jvm/jdk1.7.0_71/jre/classes
2015-05-30 21:43:18.052+0000 INFO  [o.n.k.i.DiagnosticsManager]:  [classpath + loader.0] file:/home/mkoenig/Programs/neo4j-community-2.2.2/system/lib/jackson-core-asl-1.9.13.jar
2015-05-30 21:43:18.052+0000 INFO  [o.n.k.i.DiagnosticsManager]:  [classpath + loader.0] file:/home/mkoenig/Programs/neo4j-community-2.2.2/system/lib/jetty-xml-9.2.4.v20141103.jar
2015-05-30 21:43:18.052+0000 INFO  [o.n.k.i.DiagnosticsManager]:  [classpath + loader.0] file:/home/mkoenig/Programs/neo4j-community-2.2.2/lib/neo4j-kernel-2.2.2.jar
2015-05-30 21:43:18.053+0000 INFO  [o.n.k.i.DiagnosticsManager]:  [classpath + loader.0] file:/home/mkoenig/Programs/neo4j-community-2.2.2/system/lib/commons-compiler-2.6.1.jar
2015-05-30 21:43:18.053+0000 INFO  [o.n.k.i.DiagnosticsManager]:  [classpath + loader.0] file:/home/mkoenig/Programs/neo4j-community-2.2.2/system/lib/commons-configuration-1.10.jar
2015-05-30 21:43:18.053+0000 INFO  [o.n.k.i.DiagnosticsManager]:  [classpath + loader.0] file:/home/mkoenig/Programs/neo4j-community-2.2.2/system/lib/jersey-multipart-1.18.1.jar
2015-05-30 21:43:18.053+0000 INFO  [o.n.k.i.DiagnosticsManager]:  [bootstrap] /usr/lib/jvm/jdk1.7.0_71/jre/lib/rt.jar
2015-05-30 21:43:18.053+0000 INFO  [o.n.k.i.DiagnosticsManager]:  [bootstrap] /usr/lib/jvm/jdk1.7.0_71/jre/lib/resources.jar
2015-05-30 21:43:18.053+0000 INFO  [o.n.k.i.DiagnosticsManager]:  [classpath + loader.0] file:/home/mkoenig/Programs/neo4j-community-2.2.2/lib/neo4j-io-2.2.2.jar
2015-05-30 21:43:18.053+0000 INFO  [o.n.k.i.DiagnosticsManager]:  [classpath + loader.0] file:/home/mkoenig/Programs/neo4j-community-2.2.2/lib/neo4j-cypher-compiler-2.0-2.0.4.jar
2015-05-30 21:43:18.053+0000 INFO  [o.n.k.i.DiagnosticsManager]:  [classpath + loader.0] file:/home/mkoenig/Programs/neo4j-community-2.2.2/lib/server-api-2.2.2.jar
2015-05-30 21:43:18.053+0000 INFO  [o.n.k.i.DiagnosticsManager]:  [bootstrap] /usr/lib/jvm/jdk1.7.0_71/jre/lib/charsets.jar
2015-05-30 21:43:18.053+0000 INFO  [o.n.k.i.DiagnosticsManager]:  [loader.1] file:/usr/lib/jvm/jdk1.7.0_71/jre/lib/ext/zipfs.jar
2015-05-30 21:43:18.053+0000 INFO  [o.n.k.i.DiagnosticsManager]:  [classpath + loader.0] file:/home/mkoenig/Programs/neo4j-community-2.2.2/lib/neo4j-lucene-index-2.2.2.jar
2015-05-30 21:43:18.053+0000 INFO  [o.n.k.i.DiagnosticsManager]:  [classpath + loader.0] file:/home/mkoenig/Programs/neo4j-community-2.2.2/lib/neo4j-graph-algo-2.2.2.jar
2015-05-30 21:43:18.053+0000 INFO  [o.n.k.i.DiagnosticsManager]:  [classpath + loader.0] file:/home/mkoenig/Programs/neo4j-community-2.2.2/system/lib/neo4j-server-2.2.2-static-web.jar
2015-05-30 21:43:18.053+0000 INFO  [o.n.k.i.DiagnosticsManager]:  [classpath + loader.0] file:/home/mkoenig/Programs/neo4j-community-2.2.2/lib/neo4j-cypher-compiler-2.2-2.2.2.jar
2015-05-30 21:43:18.053+0000 INFO  [o.n.k.i.DiagnosticsManager]:  [loader.1] file:/usr/lib/jvm/jdk1.7.0_71/jre/lib/ext/dnsns.jar
2015-05-30 21:43:18.053+0000 INFO  [o.n.k.i.DiagnosticsManager]:  [classpath + loader.0] file:/home/mkoenig/Programs/neo4j-community-2.2.2/lib/neo4j-graph-matching-2.2.2.jar
2015-05-30 21:43:18.053+0000 INFO  [o.n.k.i.DiagnosticsManager]:  [classpath + loader.0] file:/home/mkoenig/Programs/neo4j-community-2.2.2/system/lib/scala-reflect-2.10.5.jar
2015-05-30 21:43:18.054+0000 INFO  [o.n.k.i.DiagnosticsManager]:  [classpath + loader.0] file:/home/mkoenig/Programs/neo4j-community-2.2.2/lib/neo4j-cypher-compiler-2.1-2.1.8.jar
2015-05-30 21:43:18.054+0000 INFO  [o.n.k.i.DiagnosticsManager]:  [classpath + loader.0] file:/home/mkoenig/Programs/neo4j-community-2.2.2/system/lib/commons-io-2.4.jar
2015-05-30 21:43:18.054+0000 INFO  [o.n.k.i.DiagnosticsManager]:  [classpath + loader.0] file:/home/mkoenig/Programs/neo4j-community-2.2.2/lib/neo4j-cypher-2.2.2.jar
2015-05-30 21:43:18.054+0000 INFO  [o.n.k.i.DiagnosticsManager]:  [classpath + loader.0] file:/home/mkoenig/Programs/neo4j-community-2.2.2/system/lib/commons-beanutils-1.8.3.jar
2015-05-30 21:43:18.054+0000 INFO  [o.n.k.i.DiagnosticsManager]:  [classpath + loader.0] file:/home/mkoenig/Programs/neo4j-community-2.2.2/lib/neo4j-udc-2.2.2.jar
2015-05-30 21:43:18.054+0000 INFO  [o.n.k.i.DiagnosticsManager]:  [bootstrap] /usr/lib/jvm/jdk1.7.0_71/jre/lib/sunrsasign.jar
2015-05-30 21:43:18.054+0000 INFO  [o.n.k.i.DiagnosticsManager]:  [loader.1] file:/usr/lib/jvm/jdk1.7.0_71/jre/lib/ext/sunjce_provider.jar
2015-05-30 21:43:18.054+0000 INFO  [o.n.k.i.DiagnosticsManager]:  [classpath + loader.0] file:/home/mkoenig/Programs/neo4j-community-2.2.2/lib/neo4j-shell-2.2.2.jar
2015-05-30 21:43:18.054+0000 INFO  [o.n.k.i.DiagnosticsManager]:  [classpath + loader.0] file:/home/mkoenig/Programs/neo4j-community-2.2.2/system/lib/commons-digester-2.1.jar
2015-05-30 21:43:18.054+0000 INFO  [o.n.k.i.DiagnosticsManager]:  [classpath + loader.0] file:/home/mkoenig/Programs/neo4j-community-2.2.2/lib/neo4j-consistency-check-2.2.2.jar
2015-05-30 21:43:18.054+0000 INFO  [o.n.k.i.DiagnosticsManager]:  [classpath + loader.0] file:/home/mkoenig/Programs/neo4j-community-2.2.2/system/lib/bcprov-jdk16-140.jar
2015-05-30 21:43:18.054+0000 INFO  [o.n.k.i.DiagnosticsManager]:  [loader.1] file:/usr/lib/jvm/jdk1.7.0_71/jre/lib/ext/sunec.jar
2015-05-30 21:43:18.054+0000 INFO  [o.n.k.i.DiagnosticsManager]:  [classpath + loader.0] file:/home/mkoenig/Programs/neo4j-community-2.2.2/lib/lucene-core-3.6.2.jar
2015-05-30 21:43:18.054+0000 INFO  [o.n.k.i.DiagnosticsManager]:  [classpath + loader.0] file:/home/mkoenig/Programs/neo4j-community-2.2.2/system/lib/jetty-io-9.2.4.v20141103.jar
2015-05-30 21:43:18.054+0000 INFO  [o.n.k.i.DiagnosticsManager]:  [classpath + loader.0] file:/home/mkoenig/Programs/neo4j-community-2.2.2/system/lib/jersey-server-1.18.1.jar
2015-05-30 21:43:18.055+0000 INFO  [o.n.k.i.DiagnosticsManager]:  [classpath + loader.0] file:/home/mkoenig/Programs/neo4j-community-2.2.2/system/lib/janino-2.6.1.jar
2015-05-30 21:43:18.055+0000 INFO  [o.n.k.i.DiagnosticsManager]:  [bootstrap] /usr/lib/jvm/jdk1.7.0_71/jre/lib/jsse.jar
2015-05-30 21:43:18.055+0000 INFO  [o.n.k.i.DiagnosticsManager]:  [loader.1] file:/usr/lib/jvm/jdk1.7.0_71/jre/lib/ext/sunpkcs11.jar
2015-05-30 21:43:18.055+0000 INFO  [o.n.k.i.DiagnosticsManager]:  [classpath + loader.0] file:/home/mkoenig/Programs/neo4j-community-2.2.2/system/lib/javax.servlet-api-3.1.0.jar
2015-05-30 21:43:18.055+0000 INFO  [o.n.k.i.DiagnosticsManager]:  [classpath + loader.0] file:/home/mkoenig/Programs/neo4j-community-2.2.2/lib/neo4j-import-tool-2.2.2.jar
2015-05-30 21:43:18.055+0000 INFO  [o.n.k.i.DiagnosticsManager]:  [classpath + loader.0] file:/home/mkoenig/Programs/neo4j-community-2.2.2/lib/neo4j-primitive-collections-2.2.2.jar
2015-05-30 21:43:18.055+0000 INFO  [o.n.k.i.DiagnosticsManager]:  [classpath + loader.0] file:/home/mkoenig/Programs/neo4j-community-2.2.2/lib/neo4j-jmx-2.2.2.jar
2015-05-30 21:43:18.055+0000 INFO  [o.n.k.i.DiagnosticsManager]:  [classpath + loader.0] file:/home/mkoenig/Programs/neo4j-community-2.2.2/system/lib/jersey-servlet-1.18.1.jar
2015-05-30 21:43:18.055+0000 INFO  [o.n.k.i.DiagnosticsManager]: Library path:
2015-05-30 21:43:18.055+0000 INFO  [o.n.k.i.DiagnosticsManager]: /home/mkoenig/Programs/neo4j-community-2.2.2
2015-05-30 21:43:18.055+0000 INFO  [o.n.k.i.DiagnosticsManager]: /usr/local/lib
2015-05-30 21:43:18.055+0000 INFO  [o.n.k.i.DiagnosticsManager]: /usr/java/packages/lib/amd64
2015-05-30 21:43:18.056+0000 INFO  [o.n.k.i.DiagnosticsManager]: /usr/lib64
2015-05-30 21:43:18.056+0000 INFO  [o.n.k.i.DiagnosticsManager]: /lib64
2015-05-30 21:43:18.056+0000 INFO  [o.n.k.i.DiagnosticsManager]: /lib
2015-05-30 21:43:18.056+0000 INFO  [o.n.k.i.DiagnosticsManager]: /usr/lib
2015-05-30 21:43:18.056+0000 INFO  [o.n.k.i.DiagnosticsManager]: System.properties:
2015-05-30 21:43:18.056+0000 INFO  [o.n.k.i.DiagnosticsManager]: sun.boot.library.path = /usr/lib/jvm/jdk1.7.0_71/jre/lib/amd64
2015-05-30 21:43:18.057+0000 INFO  [o.n.k.i.DiagnosticsManager]: org.neo4j.server.properties = conf/neo4j-server.properties
2015-05-30 21:43:18.057+0000 INFO  [o.n.k.i.DiagnosticsManager]: path.separator = :
2015-05-30 21:43:18.057+0000 INFO  [o.n.k.i.DiagnosticsManager]: file.encoding.pkg = sun.io
2015-05-30 21:43:18.057+0000 INFO  [o.n.k.i.DiagnosticsManager]: user.country = US
2015-05-30 21:43:18.057+0000 INFO  [o.n.k.i.DiagnosticsManager]: sun.java.launcher = SUN_STANDARD
2015-05-30 21:43:18.057+0000 INFO  [o.n.k.i.DiagnosticsManager]: sun.os.patch.level = unknown
2015-05-30 21:43:18.057+0000 INFO  [o.n.k.i.DiagnosticsManager]: user.dir = /home/mkoenig/Programs/neo4j-community-2.2.2
2015-05-30 21:43:18.057+0000 INFO  [o.n.k.i.DiagnosticsManager]: neo4j.ext.udc.source = tarball
2015-05-30 21:43:18.057+0000 INFO  [o.n.k.i.DiagnosticsManager]: log4j.configuration = file:conf/log4j.properties
2015-05-30 21:43:18.057+0000 INFO  [o.n.k.i.DiagnosticsManager]: sun.jnu.encoding = UTF-8
2015-05-30 21:43:18.057+0000 INFO  [o.n.k.i.DiagnosticsManager]: sun.management.compiler = HotSpot 64-Bit Tiered Compilers
2015-05-30 21:43:18.057+0000 INFO  [o.n.k.i.DiagnosticsManager]: user.home = /home/mkoenig
2015-05-30 21:43:18.057+0000 INFO  [o.n.k.i.DiagnosticsManager]: user.timezone = Europe/Berlin
2015-05-30 21:43:18.057+0000 INFO  [o.n.k.i.DiagnosticsManager]: file.encoding = UTF-8
2015-05-30 21:43:18.057+0000 INFO  [o.n.k.i.DiagnosticsManager]: user.name = mkoenig
2015-05-30 21:43:18.057+0000 INFO  [o.n.k.i.DiagnosticsManager]: sun.java.command = org.neo4j.server.Bootstrapper
2015-05-30 21:43:18.058+0000 INFO  [o.n.k.i.DiagnosticsManager]: sun.arch.data.model = 64
2015-05-30 21:43:18.058+0000 INFO  [o.n.k.i.DiagnosticsManager]: user.language = en
2015-05-30 21:43:18.058+0000 INFO  [o.n.k.i.DiagnosticsManager]: awt.toolkit = sun.awt.X11.XToolkit
2015-05-30 21:43:18.058+0000 INFO  [o.n.k.i.DiagnosticsManager]: file.separator = /
2015-05-30 21:43:18.058+0000 INFO  [o.n.k.i.DiagnosticsManager]: sun.io.unicode.encoding = UnicodeLittle
2015-05-30 21:43:18.058+0000 INFO  [o.n.k.i.DiagnosticsManager]: sun.cpu.endian = little
2015-05-30 21:43:18.058+0000 INFO  [o.n.k.i.DiagnosticsManager]: neo4j.instance = /home/mkoenig/Programs/neo4j-community-2.2.2
2015-05-30 21:43:18.058+0000 INFO  [o.n.k.i.DiagnosticsManager]: sun.desktop = gnome
2015-05-30 21:43:18.058+0000 INFO  [o.n.k.i.DiagnosticsManager]: neo4j.home = /home/mkoenig/Programs/neo4j-community-2.2.2
2015-05-30 21:43:18.058+0000 INFO  [o.n.k.i.DiagnosticsManager]: sun.cpu.isalist = 
2015-05-30 21:43:18.058+0000 INFO  [o.n.k.i.DiagnosticsManager]: Linux scheduler information:
2015-05-30 21:43:18.060+0000 INFO  [o.n.k.i.DiagnosticsManager]: noop [deadline] cfq 
2015-05-30 21:43:18.060+0000 INFO  [o.n.k.i.DiagnosticsManager]: noop [deadline] cfq 
2015-05-30 21:43:18.061+0000 INFO  [o.n.k.i.DiagnosticsManager]: none
2015-05-30 21:43:18.061+0000 INFO  [o.n.k.i.DiagnosticsManager]: none
2015-05-30 21:43:18.061+0000 INFO  [o.n.k.i.DiagnosticsManager]: none
2015-05-30 21:43:18.061+0000 INFO  [o.n.k.i.DiagnosticsManager]: none
2015-05-30 21:43:18.061+0000 INFO  [o.n.k.i.DiagnosticsManager]: none
2015-05-30 21:43:18.061+0000 INFO  [o.n.k.i.DiagnosticsManager]: none
2015-05-30 21:43:18.062+0000 INFO  [o.n.k.i.DiagnosticsManager]: none
2015-05-30 21:43:18.062+0000 INFO  [o.n.k.i.DiagnosticsManager]: none
2015-05-30 21:43:18.062+0000 INFO  [o.n.k.i.DiagnosticsManager]: none
2015-05-30 21:43:18.062+0000 INFO  [o.n.k.i.DiagnosticsManager]: none
2015-05-30 21:43:18.062+0000 INFO  [o.n.k.i.DiagnosticsManager]: none
2015-05-30 21:43:18.062+0000 INFO  [o.n.k.i.DiagnosticsManager]: none
2015-05-30 21:43:18.063+0000 INFO  [o.n.k.i.DiagnosticsManager]: none
2015-05-30 21:43:18.063+0000 INFO  [o.n.k.i.DiagnosticsManager]: none
2015-05-30 21:43:18.063+0000 INFO  [o.n.k.i.DiagnosticsManager]: none
2015-05-30 21:43:18.063+0000 INFO  [o.n.k.i.DiagnosticsManager]: none
2015-05-30 21:43:18.063+0000 INFO  [o.n.k.i.DiagnosticsManager]: none
2015-05-30 21:43:18.063+0000 INFO  [o.n.k.i.DiagnosticsManager]: none
2015-05-30 21:43:18.064+0000 INFO  [o.n.k.i.DiagnosticsManager]: none
2015-05-30 21:43:18.064+0000 INFO  [o.n.k.i.DiagnosticsManager]: none
2015-05-30 21:43:18.064+0000 INFO  [o.n.k.i.DiagnosticsManager]: none
2015-05-30 21:43:18.064+0000 INFO  [o.n.k.i.DiagnosticsManager]: none
2015-05-30 21:43:18.064+0000 INFO  [o.n.k.i.DiagnosticsManager]: none
2015-05-30 21:43:18.064+0000 INFO  [o.n.k.i.DiagnosticsManager]: none
2015-05-30 21:43:18.065+0000 INFO  [o.n.k.i.DiagnosticsManager]: none
2015-05-30 21:43:18.065+0000 INFO  [o.n.k.i.DiagnosticsManager]: none
2015-05-30 21:43:18.065+0000 INFO  [o.n.k.i.DiagnosticsManager]: none
2015-05-30 21:43:18.065+0000 INFO  [o.n.k.i.DiagnosticsManager]: Network information:
2015-05-30 21:43:18.066+0000 INFO  [o.n.k.i.DiagnosticsManager]: Interface tun0:
2015-05-30 21:43:18.067+0000 INFO  [o.n.k.i.DiagnosticsManager]:     address: 10.200.2.247
2015-05-30 21:43:18.067+0000 INFO  [o.n.k.i.DiagnosticsManager]: Interface vmnet8:
2015-05-30 21:43:18.067+0000 INFO  [o.n.k.i.DiagnosticsManager]:     address: fe80:0:0:0:250:56ff:fec0:8%7
2015-05-30 21:43:18.067+0000 INFO  [o.n.k.i.DiagnosticsManager]:     address: 172.16.193.1
2015-05-30 21:43:18.067+0000 INFO  [o.n.k.i.DiagnosticsManager]: Interface vmnet1:
2015-05-30 21:43:18.067+0000 INFO  [o.n.k.i.DiagnosticsManager]:     address: fe80:0:0:0:250:56ff:fec0:1%6
2015-05-30 21:43:18.068+0000 INFO  [o.n.k.i.DiagnosticsManager]:     address: 192.168.113.1
2015-05-30 21:43:18.068+0000 INFO  [o.n.k.i.DiagnosticsManager]: Interface docker0:
2015-05-30 21:43:18.068+0000 INFO  [o.n.k.i.DiagnosticsManager]:     address: 172.17.42.1
2015-05-30 21:43:18.068+0000 INFO  [o.n.k.i.DiagnosticsManager]: Interface wlan0:
2015-05-30 21:43:18.068+0000 INFO  [o.n.k.i.DiagnosticsManager]:     address: fe80:0:0:0:c685:8ff:fe34:9cca%2
2015-05-30 21:43:18.068+0000 INFO  [o.n.k.i.DiagnosticsManager]:     address: 192.168.1.33
2015-05-30 21:43:18.068+0000 INFO  [o.n.k.i.DiagnosticsManager]: Interface lo:
2015-05-30 21:43:18.068+0000 INFO  [o.n.k.i.DiagnosticsManager]:     address: 0:0:0:0:0:0:0:1%1
2015-05-30 21:43:18.069+0000 INFO  [o.n.k.i.DiagnosticsManager]:     address: 127.0.0.1
2015-05-30 21:43:18.069+0000 INFO  [o.n.k.i.DiagnosticsManager]: --- INITIALIZED diagnostics END ---
2015-05-30 21:43:18.717+0000 INFO  [o.n.k.NeoStoreDataSource]: Opened logical log [/home/mkoenig/Programs/neo4j-community-2.2.2/data/graph.db/neostore.transaction.db.1] version=1, lastTxId=16 (clean)
2015-05-30 21:43:18.732+0000 INFO  [o.n.k.KernelHealth]: Kernel health set to OK
2015-05-30 21:43:19.579+0000 INFO  [o.n.k.i.DiagnosticsManager]: --- STARTED diagnostics for KernelDiagnostics:Versions START ---
2015-05-30 21:43:19.579+0000 INFO  [o.n.k.i.DiagnosticsManager]: Graph Database: org.neo4j.kernel.EmbeddedGraphDatabase StoreId{creationTime=1433020397267, randomId=-2717434757884950161, storeVersion=14969031248344582, upgradeTime=1433020397267, upgradeId=1}
2015-05-30 21:43:19.579+0000 INFO  [o.n.k.i.DiagnosticsManager]: Kernel version: Neo4j - Graph Database Kernel (neo4j-kernel), version: 2.2.2
2015-05-30 21:43:19.579+0000 INFO  [o.n.k.i.DiagnosticsManager]: Neo4j component versions:
2015-05-30 21:43:19.588+0000 INFO  [o.n.k.i.DiagnosticsManager]:   Neo4j - Lucene Index (neo4j-lucene-index), version: 2.2.2; revision: 2.2.2:2.2:973/0ee8628da67da8c582a299d6aa109768be6886d7
2015-05-30 21:43:19.588+0000 INFO  [o.n.k.i.DiagnosticsManager]:   Neo4j - JMX support (neo4j-jmx), version: 2.2.2; revision: 2.2.2:2.2:973/0ee8628da67da8c582a299d6aa109768be6886d7
2015-05-30 21:43:19.588+0000 INFO  [o.n.k.i.DiagnosticsManager]:   Neo4j - Graph Matching (neo4j-graph-matching), version: 2.2.2; revision: 2.2.2:2.2:973/0ee8628da67da8c582a299d6aa109768be6886d7
2015-05-30 21:43:19.588+0000 INFO  [o.n.k.i.DiagnosticsManager]:   Neo4j - Cypher Compiler 2.1 (neo4j-cypher-compiler-2.1), version: 2.1.8; revision: 2.1.8:2.1-maint:687/5c83ce3a5ddf33259593f719153ce71a6fe89fc7
2015-05-30 21:43:19.588+0000 INFO  [o.n.k.i.DiagnosticsManager]:   Neo4j - Server API (server-api), version: 2.2.2; revision: 2.2.2:2.2:973/0ee8628da67da8c582a299d6aa109768be6886d7
2015-05-30 21:43:19.588+0000 INFO  [o.n.k.i.DiagnosticsManager]:   Neo4j - Import Command Line Tool (neo4j-import-tool), version: 2.2.2; revision: 2.2.2:2.2:973/0ee8628da67da8c582a299d6aa109768be6886d7
2015-05-30 21:43:19.588+0000 INFO  [o.n.k.i.DiagnosticsManager]:   Neo4j - Graph Database Kernel (neo4j-kernel), version: 2.2.2; revision: 2.2.2:2.2:973/0ee8628da67da8c582a299d6aa109768be6886d7
2015-05-30 21:43:19.588+0000 INFO  [o.n.k.i.DiagnosticsManager]:   Neo4j - Cypher (neo4j-cypher), version: 2.2.2; revision: 2.2.2:2.2:973/0ee8628da67da8c582a299d6aa109768be6886d7
2015-05-30 21:43:19.588+0000 INFO  [o.n.k.i.DiagnosticsManager]:   Neo4j - Server (neo4j-server), version: 2.2.2; revision: 2.2.2:2.2:973/0ee8628da67da8c582a299d6aa109768be6886d7
2015-05-30 21:43:19.588+0000 INFO  [o.n.k.i.DiagnosticsManager]:   Neo4j - Graph Algorithms (neo4j-graph-algo), version: 2.2.2; revision: 2.2.2:2.2:973/0ee8628da67da8c582a299d6aa109768be6886d7
2015-05-30 21:43:19.588+0000 INFO  [o.n.k.i.DiagnosticsManager]:   Neo4j - Cypher Compiler 2.2 (neo4j-cypher-compiler-2.2), version: 2.2.2; revision: 2.2.2:2.2:973/0ee8628da67da8c582a299d6aa109768be6886d7
2015-05-30 21:43:19.589+0000 INFO  [o.n.k.i.DiagnosticsManager]:   Neo4j - Cypher Compiler 2.0 (neo4j-cypher-compiler-2.0), version: 2.0.4; revision: 2.0.4:2.0-maint:130/4a7d10bc274a5d26a180bbe9df25100e8a694748
2015-05-30 21:43:19.589+0000 INFO  [o.n.k.i.DiagnosticsManager]:   Neo4j - Consistency Checker (neo4j-consistency-check), version: 2.2.2; revision: 2.2.2:2.2:973/0ee8628da67da8c582a299d6aa109768be6886d7
2015-05-30 21:43:19.589+0000 INFO  [o.n.k.i.DiagnosticsManager]:   Neo4j - Generic shell (neo4j-shell), version: 2.2.2; revision: 2.2.2:2.2:973/0ee8628da67da8c582a299d6aa109768be6886d7
2015-05-30 21:43:19.589+0000 INFO  [o.n.k.i.DiagnosticsManager]:   Neo4j - Cypher Compiler 1.9 (neo4j-cypher-compiler-1.9), version: 2.0.4; revision: 2.0.4:2.0-maint:130/4a7d10bc274a5d26a180bbe9df25100e8a694748
2015-05-30 21:43:19.589+0000 INFO  [o.n.k.i.DiagnosticsManager]:   neo4j-udc, version: 2.2.2; revision: 2.2.2:2.2:973/0ee8628da67da8c582a299d6aa109768be6886d7
2015-05-30 21:43:19.589+0000 INFO  [o.n.k.i.DiagnosticsManager]: --- STARTED diagnostics for KernelDiagnostics:Versions END ---
2015-05-30 21:43:19.591+0000 INFO  [o.n.k.i.DiagnosticsManager]: --- STARTED diagnostics for NEO_STORE_VERSIONS START ---
2015-05-30 21:43:19.591+0000 INFO  [o.n.k.i.DiagnosticsManager]: Store versions:
2015-05-30 21:43:19.591+0000 INFO  [o.n.k.i.DiagnosticsManager]: Store versions:
2015-05-30 21:43:19.591+0000 INFO  [o.n.k.i.DiagnosticsManager]:   NeoStore v0.A.5
2015-05-30 21:43:19.591+0000 INFO  [o.n.k.i.DiagnosticsManager]:   SchemaStore v0.A.5
2015-05-30 21:43:19.591+0000 INFO  [o.n.k.i.DiagnosticsManager]:   NodeStore v0.A.5
2015-05-30 21:43:19.591+0000 INFO  [o.n.k.i.DiagnosticsManager]:   RelationshipStore v0.A.5
2015-05-30 21:43:19.591+0000 INFO  [o.n.k.i.DiagnosticsManager]:   RelationshipTypeStore v0.A.5
2015-05-30 21:43:19.592+0000 INFO  [o.n.k.i.DiagnosticsManager]:   LabelTokenStore v0.A.5
2015-05-30 21:43:19.592+0000 INFO  [o.n.k.i.DiagnosticsManager]:   PropertyStore v0.A.5
2015-05-30 21:43:19.592+0000 INFO  [o.n.k.i.DiagnosticsManager]:   PropertyIndexStore v0.A.5
2015-05-30 21:43:19.592+0000 INFO  [o.n.k.i.DiagnosticsManager]:   StringPropertyStore v0.A.5
2015-05-30 21:43:19.592+0000 INFO  [o.n.k.i.DiagnosticsManager]:   ArrayPropertyStore v0.A.5
2015-05-30 21:43:19.592+0000 INFO  [o.n.k.i.DiagnosticsManager]:   RelationshipGroupStore v0.A.5
2015-05-30 21:43:19.592+0000 INFO  [o.n.k.i.DiagnosticsManager]: --- STARTED diagnostics for NEO_STORE_VERSIONS END ---
2015-05-30 21:43:19.592+0000 INFO  [o.n.k.i.DiagnosticsManager]: --- STARTED diagnostics for NEO_STORE_ID_USAGE START ---
2015-05-30 21:43:19.592+0000 INFO  [o.n.k.i.DiagnosticsManager]: Id usage:
2015-05-30 21:43:19.592+0000 INFO  [o.n.k.i.DiagnosticsManager]: Id usage:
2015-05-30 21:43:19.592+0000 INFO  [o.n.k.i.DiagnosticsManager]:   SchemaStore: used=1 high=0
2015-05-30 21:43:19.592+0000 INFO  [o.n.k.i.DiagnosticsManager]:   NodeStore: used=5 high=4
2015-05-30 21:43:19.592+0000 INFO  [o.n.k.i.DiagnosticsManager]:   RelationshipStore: used=5 high=4
2015-05-30 21:43:19.593+0000 INFO  [o.n.k.i.DiagnosticsManager]:   RelationshipTypeStore: used=1 high=0
2015-05-30 21:43:19.593+0000 INFO  [o.n.k.i.DiagnosticsManager]:   LabelTokenStore: used=1 high=0
2015-05-30 21:43:19.593+0000 INFO  [o.n.k.i.DiagnosticsManager]:   PropertyStore: used=5 high=4
2015-05-30 21:43:19.593+0000 INFO  [o.n.k.i.DiagnosticsManager]:   PropertyIndexStore: used=2 high=1
2015-05-30 21:43:19.593+0000 INFO  [o.n.k.i.DiagnosticsManager]:   StringPropertyStore: used=1 high=0
2015-05-30 21:43:19.593+0000 INFO  [o.n.k.i.DiagnosticsManager]:   ArrayPropertyStore: used=1 high=0
2015-05-30 21:43:19.593+0000 INFO  [o.n.k.i.DiagnosticsManager]:   RelationshipGroupStore: used=1 high=0
2015-05-30 21:43:19.593+0000 INFO  [o.n.k.i.DiagnosticsManager]: --- STARTED diagnostics for NEO_STORE_ID_USAGE END ---
2015-05-30 21:43:19.594+0000 INFO  [o.n.k.i.DiagnosticsManager]: --- STARTED diagnostics for KernelDiagnostics:StoreFiles START ---
2015-05-30 21:43:19.594+0000 INFO  [o.n.k.i.DiagnosticsManager]: Disk space on partition (Total / Free / Free %): 247206436864 / 16752087040 / 6
Storage files: (filename : modification date - size)
2015-05-30 21:43:19.595+0000 INFO  [o.n.k.i.DiagnosticsManager]:   index:
2015-05-30 21:43:19.595+0000 INFO  [o.n.k.i.DiagnosticsManager]:   - Total: 2015-05-30T23:13:17+0200 - 0.00 B
2015-05-30 21:43:19.596+0000 INFO  [o.n.k.i.DiagnosticsManager]:   lock: 2015-05-30T23:43:18+0200 - 0.00 B
2015-05-30 21:43:19.596+0000 INFO  [o.n.k.i.DiagnosticsManager]:   messages.log: 2015-05-30T23:43:19+0200 - 74.05 kB
2015-05-30 21:43:19.596+0000 INFO  [o.n.k.i.DiagnosticsManager]:   neostore: 2015-05-30T23:43:18+0200 - 99.00 B
2015-05-30 21:43:19.596+0000 INFO  [o.n.k.i.DiagnosticsManager]:   neostore.counts.db.a: 2015-05-30T23:13:17+0200 - 114.00 B
2015-05-30 21:43:19.597+0000 INFO  [o.n.k.i.DiagnosticsManager]:   neostore.counts.db.b: 2015-05-30T23:43:11+0200 - 370.00 B
2015-05-30 21:43:19.597+0000 INFO  [o.n.k.i.DiagnosticsManager]:   neostore.id: 2015-05-30T23:43:18+0200 - 9.00 B
2015-05-30 21:43:19.597+0000 INFO  [o.n.k.i.DiagnosticsManager]:   neostore.labeltokenstore.db: 2015-05-30T23:43:18+0200 - 5.00 B
2015-05-30 21:43:19.597+0000 INFO  [o.n.k.i.DiagnosticsManager]:   neostore.labeltokenstore.db.id: 2015-05-30T23:43:18+0200 - 9.00 B
2015-05-30 21:43:19.598+0000 INFO  [o.n.k.i.DiagnosticsManager]:   neostore.labeltokenstore.db.names: 2015-05-30T23:43:18+0200 - 76.00 B
2015-05-30 21:43:19.598+0000 INFO  [o.n.k.i.DiagnosticsManager]:   neostore.labeltokenstore.db.names.id: 2015-05-30T23:43:18+0200 - 9.00 B
2015-05-30 21:43:19.598+0000 INFO  [o.n.k.i.DiagnosticsManager]:   neostore.nodestore.db: 2015-05-30T23:43:18+0200 - 75.00 B
2015-05-30 21:43:19.598+0000 INFO  [o.n.k.i.DiagnosticsManager]:   neostore.nodestore.db.id: 2015-05-30T23:43:18+0200 - 9.00 B
2015-05-30 21:43:19.599+0000 INFO  [o.n.k.i.DiagnosticsManager]:   neostore.nodestore.db.labels: 2015-05-30T23:43:18+0200 - 68.00 B
2015-05-30 21:43:19.599+0000 INFO  [o.n.k.i.DiagnosticsManager]:   neostore.nodestore.db.labels.id: 2015-05-30T23:43:18+0200 - 9.00 B
2015-05-30 21:43:19.599+0000 INFO  [o.n.k.i.DiagnosticsManager]:   neostore.propertystore.db: 2015-05-30T23:43:18+0200 - 205.00 B
2015-05-30 21:43:19.600+0000 INFO  [o.n.k.i.DiagnosticsManager]:   neostore.propertystore.db.arrays: 2015-05-30T23:43:18+0200 - 128.00 B
2015-05-30 21:43:19.600+0000 INFO  [o.n.k.i.DiagnosticsManager]:   neostore.propertystore.db.arrays.id: 2015-05-30T23:43:18+0200 - 9.00 B
2015-05-30 21:43:19.601+0000 INFO  [o.n.k.i.DiagnosticsManager]:   neostore.propertystore.db.id: 2015-05-30T23:43:18+0200 - 9.00 B
2015-05-30 21:43:19.601+0000 INFO  [o.n.k.i.DiagnosticsManager]:   neostore.propertystore.db.index: 2015-05-30T23:43:18+0200 - 18.00 B
2015-05-30 21:43:19.601+0000 INFO  [o.n.k.i.DiagnosticsManager]:   neostore.propertystore.db.index.id: 2015-05-30T23:43:18+0200 - 9.00 B
2015-05-30 21:43:19.601+0000 INFO  [o.n.k.i.DiagnosticsManager]:   neostore.propertystore.db.index.keys: 2015-05-30T23:43:18+0200 - 114.00 B
2015-05-30 21:43:19.602+0000 INFO  [o.n.k.i.DiagnosticsManager]:   neostore.propertystore.db.index.keys.id: 2015-05-30T23:43:18+0200 - 9.00 B
2015-05-30 21:43:19.602+0000 INFO  [o.n.k.i.DiagnosticsManager]:   neostore.propertystore.db.strings: 2015-05-30T23:43:18+0200 - 128.00 B
2015-05-30 21:43:19.602+0000 INFO  [o.n.k.i.DiagnosticsManager]:   neostore.propertystore.db.strings.id: 2015-05-30T23:43:18+0200 - 9.00 B
2015-05-30 21:43:19.602+0000 INFO  [o.n.k.i.DiagnosticsManager]:   neostore.relationshipgroupstore.db: 2015-05-30T23:43:18+0200 - 25.00 B
2015-05-30 21:43:19.603+0000 INFO  [o.n.k.i.DiagnosticsManager]:   neostore.relationshipgroupstore.db.id: 2015-05-30T23:43:18+0200 - 9.00 B
2015-05-30 21:43:19.603+0000 INFO  [o.n.k.i.DiagnosticsManager]:   neostore.relationshipstore.db: 2015-05-30T23:43:18+0200 - 170.00 B
2015-05-30 21:43:19.603+0000 INFO  [o.n.k.i.DiagnosticsManager]:   neostore.relationshipstore.db.id: 2015-05-30T23:43:18+0200 - 9.00 B
2015-05-30 21:43:19.603+0000 INFO  [o.n.k.i.DiagnosticsManager]:   neostore.relationshiptypestore.db: 2015-05-30T23:43:18+0200 - 5.00 B
2015-05-30 21:43:19.604+0000 INFO  [o.n.k.i.DiagnosticsManager]:   neostore.relationshiptypestore.db.id: 2015-05-30T23:43:18+0200 - 9.00 B
2015-05-30 21:43:19.604+0000 INFO  [o.n.k.i.DiagnosticsManager]:   neostore.relationshiptypestore.db.names: 2015-05-30T23:43:18+0200 - 76.00 B
2015-05-30 21:43:19.604+0000 INFO  [o.n.k.i.DiagnosticsManager]:   neostore.relationshiptypestore.db.names.id: 2015-05-30T23:43:18+0200 - 9.00 B
2015-05-30 21:43:19.604+0000 INFO  [o.n.k.i.DiagnosticsManager]:   neostore.schemastore.db: 2015-05-30T23:43:18+0200 - 64.00 B
2015-05-30 21:43:19.604+0000 INFO  [o.n.k.i.DiagnosticsManager]:   neostore.schemastore.db.id: 2015-05-30T23:43:18+0200 - 9.00 B
2015-05-30 21:43:19.605+0000 INFO  [o.n.k.i.DiagnosticsManager]:   neostore.transaction.db.0: 2015-05-30T23:30:52+0200 - 3.83 kB
2015-05-30 21:43:19.605+0000 INFO  [o.n.k.i.DiagnosticsManager]:   neostore.transaction.db.1: 2015-05-30T23:43:18+0200 - 16.00 B
2015-05-30 21:43:19.605+0000 INFO  [o.n.k.i.DiagnosticsManager]:   rrd: 2015-05-30T23:40:00+0200 - 1.93 MB
2015-05-30 21:43:19.605+0000 INFO  [o.n.k.i.DiagnosticsManager]:   schema:
2015-05-30 21:43:19.606+0000 INFO  [o.n.k.i.DiagnosticsManager]:     label:
2015-05-30 21:43:19.606+0000 INFO  [o.n.k.i.DiagnosticsManager]:       lucene:
2015-05-30 21:43:19.606+0000 INFO  [o.n.k.i.DiagnosticsManager]:         _3.cfs: 2015-05-30T23:26:24+0200 - 225.00 B
2015-05-30 21:43:19.607+0000 INFO  [o.n.k.i.DiagnosticsManager]:         segments.gen: 2015-05-30T23:43:11+0200 - 20.00 B
2015-05-30 21:43:19.607+0000 INFO  [o.n.k.i.DiagnosticsManager]:         segments_1: 2015-05-30T23:43:11+0200 - 250.00 B
2015-05-30 21:43:19.607+0000 INFO  [o.n.k.i.DiagnosticsManager]:         write.lock: 2015-05-30T23:43:18+0200 - 0.00 B
2015-05-30 21:43:19.607+0000 INFO  [o.n.k.i.DiagnosticsManager]:       - Total: 2015-05-30T23:43:18+0200 - 495.00 B
2015-05-30 21:43:19.608+0000 INFO  [o.n.k.i.DiagnosticsManager]:     - Total: 2015-05-30T23:13:17+0200 - 495.00 B
2015-05-30 21:43:19.608+0000 INFO  [o.n.k.i.DiagnosticsManager]:   - Total: 2015-05-30T23:13:17+0200 - 495.00 B
2015-05-30 21:43:19.608+0000 INFO  [o.n.k.i.DiagnosticsManager]:   store_lock: 2015-05-30T23:13:17+0200 - 0.00 B
2015-05-30 21:43:19.608+0000 INFO  [o.n.k.i.DiagnosticsManager]: --- STARTED diagnostics for KernelDiagnostics:StoreFiles END ---
2015-05-30 21:43:19.684+0000 INFO  [o.n.k.EmbeddedGraphDatabase]: Database is now ready
2015-05-30 21:43:19.684+0000 INFO  [o.n.s.d.LifecycleManagingDatabase]: Successfully started database
2015-05-30 21:43:19.692+0000 INFO  [o.n.k.i.DiagnosticsManager]: --- SERVER STARTED START ---
2015-05-30 21:43:19.756+0000 INFO  [o.n.s.CommunityNeoServer]: Starting HTTP on port :7474 with 4 threads available
2015-05-30 21:43:19.936+0000 INFO  [o.n.s.CommunityNeoServer]: Enabling HTTPS on port :7473
2015-05-30 21:43:20.131+0000 INFO  [o.n.s.w.Jetty9WebServer]: Mounting static content at [/webadmin] from [webadmin-html]
2015-05-30 21:43:20.173+0000 INFO  [o.n.s.w.Jetty9WebServer]: Mounting static content at [/browser] from [browser]
2015-05-30 21:43:21.864+0000 INFO  [o.n.s.CommunityNeoServer]: Server started on: http://localhost:7474/
2015-05-30 21:43:21.865+0000 INFO  [o.n.s.CommunityNeoServer]: Remote interface ready and available at [http://localhost:7474/]
2015-05-30 21:43:21.865+0000 INFO  [o.n.k.i.DiagnosticsManager]: --- SERVER STARTED END ---
2015-05-31 06:19:42.523+0000 WARN  [o.n.k.EmbeddedGraphDatabase]: GC Monitor: Application threads blocked for 1959ms.
2015-05-31 07:26:17.404+0000 WARN  [o.n.k.EmbeddedGraphDatabase]: GC Monitor: Application threads blocked for 1917ms.
2015-05-31 07:57:00.255+0000 WARN  [o.n.k.EmbeddedGraphDatabase]: GC Monitor: Application threads blocked for 2479ms.
